2025/06/25 12:35:46| ERROR| Something went wrong product validation failed: category: Cast to ObjectId failed for value "men" (type string) at path "category" because of "BSONError"
2025/06/25 12:37:03| INFO| product created with  id 685bc33f2cab2f01693e2c16
2025/06/25 12:58:11| INFO| category created with  id 685bc833f0183644c80a28a8
2025/06/25 12:58:57| INFO| product created with  id 685bc861f0183644c80a28ac
2025/06/25 13:00:56| INFO| product created with  id 685bc8d8f0183644c80a28b0
2025/06/25 13:10:25| INFO| product created with  id 685bcb11c81061f142126a08
2025/06/25 13:10:39| INFO| product created with  id 685bcb1fc81061f142126a0c
2025/06/25 13:37:59| INFO| product created with  id 685bd18724945c90e2d14b55
2025/06/25 13:55:39| ERROR| Something went wrong Product validation failed: name: Path `name` is required., desc: Path `desc` is required., brand: Path `brand` is required., subcategory: Path `subcategory` is required.
2025/06/25 14:02:22| INFO| Order created with ID 685bd73e478611f810749d7c
2025/06/28 15:19:59| INFO| Order created with ID 685fddef5236dea44648a09d
2025/06/28 18:36:53| ERROR| Something went wrong: Subcategory is not defined
2025/06/28 18:38:44| INFO| Category created with id 68600c84939d57ebc72fd09e
2025/06/28 18:49:00| INFO| Created new subcategory: dress
2025/06/28 18:49:00| INFO| Added subcategory dress to category women
2025/06/28 19:05:52| INFO| product created with  id 686012e0b797ab18f9418f35
2025/06/28 20:15:51| INFO| Order created with ID 6860234724837ff2c7f0ebbc
2025/06/28 20:17:58| INFO| Order with ID 6860234724837ff2c7f0ebbc has been canceled.
2025/06/28 20:20:46| ERROR| Error editing order: Order validation failed: items.0.price: Path `price` is required.
2025/06/28 20:23:38| ERROR| Error editing order: Order validation failed: items.0.price: Path `price` is required.
2025/06/28 20:25:56| INFO| Order with ID 685fddef5236dea44648a09d has been updated.
2025/06/28 20:30:33| INFO| Order with ID 685fddef5236dea44648a09d has been updated.
2025/06/28 20:31:21| INFO| Order with ID 685fddef5236dea44648a09d has been updated.
2025/06/28 20:34:07| INFO| Order created with ID 6860278fb8516398e947c3b0
2025/06/28 20:35:56| INFO| Order with ID 6860278fb8516398e947c3b0 has been updated.
2025/06/29 11:28:47| INFO| Brand created with ID 6860f93fd7656ec50546dd4d
2025/06/29 11:39:54| ERROR| Error creating category: Category validation failed: name: `zara` is not a valid enum value for path `name`.
2025/06/29 11:40:03| INFO| Category created with ID 6860fbe33838a84fadecdd49
2025/06/29 11:40:10| INFO| Category created with ID 6860fbea3838a84fadecdd4c
2025/06/29 11:50:08| INFO| Subcategory created with ID 6860fe40d068cc92e6dec922
2025/06/29 11:52:41| INFO| Subcategory created with ID 6860fed951184b700a2ff538
2025/06/29 12:05:16| ERROR| Something went wrong Model.findById() no longer accepts a callback
2025/06/29 12:08:04| ERROR| Something went wrong Model.findById() no longer accepts a callback
2025/06/29 12:08:33| ERROR| Something went wrong Model.findById() no longer accepts a callback
2025/06/29 12:11:14| INFO| product created with  id 68610332599612f44fd3b048
2025/06/29 12:17:41| ERROR| Something went wrong isactive is not defined
2025/06/29 12:18:17| INFO| product created with  id 686104d9d0dc83f311c48a2a
2025/06/29 12:18:49| INFO| Product with ID 68610332599612f44fd3b048 has been marked as inactive.
2025/06/29 12:19:40| INFO| Product with ID 68610332599612f44fd3b048 has been marked as inactive.
2025/06/29 14:09:29| INFO| Brand created with ID 68611ee90b62ca972f6a544a
2025/06/29 14:12:06| ERROR| Error creating brand: Cannot destructure property 'name' of 'req.body' as it is undefined.
2025/06/29 14:12:57| INFO| product created with  id 68611fb90b62ca972f6a5455
2025/06/30 09:46:44| INFO| Brand with ID 6860f93fd7656ec50546dd4d deleted.
2025/06/30 21:25:40| INFO| product created with  id 6862d6a4f1221923d2947c64
2025/06/30 22:15:20| ERROR| Error GET /products | Cannot read properties of undefined (reading 'includes')
TypeError: Cannot read properties of undefined (reading 'includes')
    at origin (E:\nti\e-backend\middleware\cors.middleware.js:8:27)
    at E:\nti\e-backend\node_modules\cors\lib\index.js:219:13
    at optionsCallback (E:\nti\e-backend\node_modules\cors\lib\index.js:199:9)
    at corsMiddleware (E:\nti\e-backend\node_modules\cors\lib\index.js:204:7)
    at Layer.handleRequest (E:\nti\e-backend\node_modules\router\lib\layer.js:152:17)
    at trimPrefix (E:\nti\e-backend\node_modules\router\index.js:342:13)
    at E:\nti\e-backend\node_modules\router\index.js:297:9
    at processParams (E:\nti\e-backend\node_modules\router\index.js:582:12)
    at next (E:\nti\e-backend\node_modules\router\index.js:291:5)
    at jsonParser (E:\nti\e-backend\node_modules\body-parser\lib\types\json.js:100:7)
2025/06/30 22:15:37| ERROR| Error GET /products | Cannot read properties of undefined (reading 'includes')
TypeError: Cannot read properties of undefined (reading 'includes')
    at origin (E:\nti\e-backend\middleware\cors.middleware.js:8:27)
    at E:\nti\e-backend\node_modules\cors\lib\index.js:219:13
    at optionsCallback (E:\nti\e-backend\node_modules\cors\lib\index.js:199:9)
    at corsMiddleware (E:\nti\e-backend\node_modules\cors\lib\index.js:204:7)
    at Layer.handleRequest (E:\nti\e-backend\node_modules\router\lib\layer.js:152:17)
    at trimPrefix (E:\nti\e-backend\node_modules\router\index.js:342:13)
    at E:\nti\e-backend\node_modules\router\index.js:297:9
    at processParams (E:\nti\e-backend\node_modules\router\index.js:582:12)
    at next (E:\nti\e-backend\node_modules\router\index.js:291:5)
    at jsonParser (E:\nti\e-backend\node_modules\body-parser\lib\types\json.js:100:7)
2025/06/30 22:33:22| ERROR| Error GET /products | Cannot read properties of undefined (reading 'includes')
TypeError: Cannot read properties of undefined (reading 'includes')
    at origin (E:\nti\e-backend\middleware\cors.middleware.js:8:27)
    at E:\nti\e-backend\node_modules\cors\lib\index.js:219:13
    at optionsCallback (E:\nti\e-backend\node_modules\cors\lib\index.js:199:9)
    at corsMiddleware (E:\nti\e-backend\node_modules\cors\lib\index.js:204:7)
    at Layer.handleRequest (E:\nti\e-backend\node_modules\router\lib\layer.js:152:17)
    at trimPrefix (E:\nti\e-backend\node_modules\router\index.js:342:13)
    at E:\nti\e-backend\node_modules\router\index.js:297:9
    at processParams (E:\nti\e-backend\node_modules\router\index.js:582:12)
    at next (E:\nti\e-backend\node_modules\router\index.js:291:5)
    at jsonParser (E:\nti\e-backend\node_modules\body-parser\lib\types\json.js:100:7)
2025/06/30 22:33:24| ERROR| Error GET /products | Cannot read properties of undefined (reading 'includes')
TypeError: Cannot read properties of undefined (reading 'includes')
    at origin (E:\nti\e-backend\middleware\cors.middleware.js:8:27)
    at E:\nti\e-backend\node_modules\cors\lib\index.js:219:13
    at optionsCallback (E:\nti\e-backend\node_modules\cors\lib\index.js:199:9)
    at corsMiddleware (E:\nti\e-backend\node_modules\cors\lib\index.js:204:7)
    at Layer.handleRequest (E:\nti\e-backend\node_modules\router\lib\layer.js:152:17)
    at trimPrefix (E:\nti\e-backend\node_modules\router\index.js:342:13)
    at E:\nti\e-backend\node_modules\router\index.js:297:9
    at processParams (E:\nti\e-backend\node_modules\router\index.js:582:12)
    at next (E:\nti\e-backend\node_modules\router\index.js:291:5)
    at jsonParser (E:\nti\e-backend\node_modules\body-parser\lib\types\json.js:100:7)
2025/06/30 22:37:51| ERROR| Error GET /products | CORS Policy: Origin not allowed
Error: CORS Policy: Origin not allowed
    at origin (E:\nti\e-backend\middleware\cors.middleware.js:11:29)
    at E:\nti\e-backend\node_modules\cors\lib\index.js:219:13
    at optionsCallback (E:\nti\e-backend\node_modules\cors\lib\index.js:199:9)
    at corsMiddleware (E:\nti\e-backend\node_modules\cors\lib\index.js:204:7)
    at Layer.handleRequest (E:\nti\e-backend\node_modules\router\lib\layer.js:152:17)
    at trimPrefix (E:\nti\e-backend\node_modules\router\index.js:342:13)
    at E:\nti\e-backend\node_modules\router\index.js:297:9
    at processParams (E:\nti\e-backend\node_modules\router\index.js:582:12)
    at next (E:\nti\e-backend\node_modules\router\index.js:291:5)
    at jsonParser (E:\nti\e-backend\node_modules\body-parser\lib\types\json.js:100:7)
2025/06/30 22:37:52| ERROR| Error GET /products | CORS Policy: Origin not allowed
Error: CORS Policy: Origin not allowed
    at origin (E:\nti\e-backend\middleware\cors.middleware.js:11:29)
    at E:\nti\e-backend\node_modules\cors\lib\index.js:219:13
    at optionsCallback (E:\nti\e-backend\node_modules\cors\lib\index.js:199:9)
    at corsMiddleware (E:\nti\e-backend\node_modules\cors\lib\index.js:204:7)
    at Layer.handleRequest (E:\nti\e-backend\node_modules\router\lib\layer.js:152:17)
    at trimPrefix (E:\nti\e-backend\node_modules\router\index.js:342:13)
    at E:\nti\e-backend\node_modules\router\index.js:297:9
    at processParams (E:\nti\e-backend\node_modules\router\index.js:582:12)
    at next (E:\nti\e-backend\node_modules\router\index.js:291:5)
    at jsonParser (E:\nti\e-backend\node_modules\body-parser\lib\types\json.js:100:7)
2025/06/30 22:37:52| ERROR| Error GET /products | CORS Policy: Origin not allowed
Error: CORS Policy: Origin not allowed
    at origin (E:\nti\e-backend\middleware\cors.middleware.js:11:29)
    at E:\nti\e-backend\node_modules\cors\lib\index.js:219:13
    at optionsCallback (E:\nti\e-backend\node_modules\cors\lib\index.js:199:9)
    at corsMiddleware (E:\nti\e-backend\node_modules\cors\lib\index.js:204:7)
    at Layer.handleRequest (E:\nti\e-backend\node_modules\router\lib\layer.js:152:17)
    at trimPrefix (E:\nti\e-backend\node_modules\router\index.js:342:13)
    at E:\nti\e-backend\node_modules\router\index.js:297:9
    at processParams (E:\nti\e-backend\node_modules\router\index.js:582:12)
    at next (E:\nti\e-backend\node_modules\router\index.js:291:5)
    at jsonParser (E:\nti\e-backend\node_modules\body-parser\lib\types\json.js:100:7)
2025/06/30 22:44:08| ERROR| Error GET /products | CORS Policy: Origin not allowed
Error: CORS Policy: Origin not allowed
    at origin (E:\nti\e-backend\middleware\cors.middleware.js:11:29)
    at E:\nti\e-backend\node_modules\cors\lib\index.js:219:13
    at optionsCallback (E:\nti\e-backend\node_modules\cors\lib\index.js:199:9)
    at corsMiddleware (E:\nti\e-backend\node_modules\cors\lib\index.js:204:7)
    at Layer.handleRequest (E:\nti\e-backend\node_modules\router\lib\layer.js:152:17)
    at trimPrefix (E:\nti\e-backend\node_modules\router\index.js:342:13)
    at E:\nti\e-backend\node_modules\router\index.js:297:9
    at processParams (E:\nti\e-backend\node_modules\router\index.js:582:12)
    at next (E:\nti\e-backend\node_modules\router\index.js:291:5)
    at jsonParser (E:\nti\e-backend\node_modules\body-parser\lib\types\json.js:100:7)
2025/06/30 22:44:16| ERROR| Error GET /products | Cannot read properties of undefined (reading 'includes')
TypeError: Cannot read properties of undefined (reading 'includes')
    at origin (E:\nti\e-backend\middleware\cors.middleware.js:8:27)
    at E:\nti\e-backend\node_modules\cors\lib\index.js:219:13
    at optionsCallback (E:\nti\e-backend\node_modules\cors\lib\index.js:199:9)
    at corsMiddleware (E:\nti\e-backend\node_modules\cors\lib\index.js:204:7)
    at Layer.handleRequest (E:\nti\e-backend\node_modules\router\lib\layer.js:152:17)
    at trimPrefix (E:\nti\e-backend\node_modules\router\index.js:342:13)
    at E:\nti\e-backend\node_modules\router\index.js:297:9
    at processParams (E:\nti\e-backend\node_modules\router\index.js:582:12)
    at next (E:\nti\e-backend\node_modules\router\index.js:291:5)
    at jsonParser (E:\nti\e-backend\node_modules\body-parser\lib\types\json.js:100:7)
2025/06/30 22:44:17| ERROR| Error GET /products | Cannot read properties of undefined (reading 'includes')
TypeError: Cannot read properties of undefined (reading 'includes')
    at origin (E:\nti\e-backend\middleware\cors.middleware.js:8:27)
    at E:\nti\e-backend\node_modules\cors\lib\index.js:219:13
    at optionsCallback (E:\nti\e-backend\node_modules\cors\lib\index.js:199:9)
    at corsMiddleware (E:\nti\e-backend\node_modules\cors\lib\index.js:204:7)
    at Layer.handleRequest (E:\nti\e-backend\node_modules\router\lib\layer.js:152:17)
    at trimPrefix (E:\nti\e-backend\node_modules\router\index.js:342:13)
    at E:\nti\e-backend\node_modules\router\index.js:297:9
    at processParams (E:\nti\e-backend\node_modules\router\index.js:582:12)
    at next (E:\nti\e-backend\node_modules\router\index.js:291:5)
    at jsonParser (E:\nti\e-backend\node_modules\body-parser\lib\types\json.js:100:7)
2025/06/30 22:44:18| ERROR| Error GET /products | Cannot read properties of undefined (reading 'includes')
TypeError: Cannot read properties of undefined (reading 'includes')
    at origin (E:\nti\e-backend\middleware\cors.middleware.js:8:27)
    at E:\nti\e-backend\node_modules\cors\lib\index.js:219:13
    at optionsCallback (E:\nti\e-backend\node_modules\cors\lib\index.js:199:9)
    at corsMiddleware (E:\nti\e-backend\node_modules\cors\lib\index.js:204:7)
    at Layer.handleRequest (E:\nti\e-backend\node_modules\router\lib\layer.js:152:17)
    at trimPrefix (E:\nti\e-backend\node_modules\router\index.js:342:13)
    at E:\nti\e-backend\node_modules\router\index.js:297:9
    at processParams (E:\nti\e-backend\node_modules\router\index.js:582:12)
    at next (E:\nti\e-backend\node_modules\router\index.js:291:5)
    at jsonParser (E:\nti\e-backend\node_modules\body-parser\lib\types\json.js:100:7)
2025/06/30 22:46:49| ERROR| Error GET /products | Cannot read properties of undefined (reading 'includes')
TypeError: Cannot read properties of undefined (reading 'includes')
    at origin (E:\nti\e-backend\middleware\cors.middleware.js:7:27)
    at E:\nti\e-backend\node_modules\cors\lib\index.js:219:13
    at optionsCallback (E:\nti\e-backend\node_modules\cors\lib\index.js:199:9)
    at corsMiddleware (E:\nti\e-backend\node_modules\cors\lib\index.js:204:7)
    at Layer.handleRequest (E:\nti\e-backend\node_modules\router\lib\layer.js:152:17)
    at trimPrefix (E:\nti\e-backend\node_modules\router\index.js:342:13)
    at E:\nti\e-backend\node_modules\router\index.js:297:9
    at processParams (E:\nti\e-backend\node_modules\router\index.js:582:12)
    at next (E:\nti\e-backend\node_modules\router\index.js:291:5)
    at jsonParser (E:\nti\e-backend\node_modules\body-parser\lib\types\json.js:100:7)
2025/06/30 22:46:51| ERROR| Error GET /products | Cannot read properties of undefined (reading 'includes')
TypeError: Cannot read properties of undefined (reading 'includes')
    at origin (E:\nti\e-backend\middleware\cors.middleware.js:7:27)
    at E:\nti\e-backend\node_modules\cors\lib\index.js:219:13
    at optionsCallback (E:\nti\e-backend\node_modules\cors\lib\index.js:199:9)
    at corsMiddleware (E:\nti\e-backend\node_modules\cors\lib\index.js:204:7)
    at Layer.handleRequest (E:\nti\e-backend\node_modules\router\lib\layer.js:152:17)
    at trimPrefix (E:\nti\e-backend\node_modules\router\index.js:342:13)
    at E:\nti\e-backend\node_modules\router\index.js:297:9
    at processParams (E:\nti\e-backend\node_modules\router\index.js:582:12)
    at next (E:\nti\e-backend\node_modules\router\index.js:291:5)
    at jsonParser (E:\nti\e-backend\node_modules\body-parser\lib\types\json.js:100:7)
2025/06/30 22:47:29| ERROR| Error GET /products | Cannot read properties of undefined (reading 'includes')
TypeError: Cannot read properties of undefined (reading 'includes')
    at origin (E:\nti\e-backend\middleware\cors.middleware.js:7:27)
    at E:\nti\e-backend\node_modules\cors\lib\index.js:219:13
    at optionsCallback (E:\nti\e-backend\node_modules\cors\lib\index.js:199:9)
    at corsMiddleware (E:\nti\e-backend\node_modules\cors\lib\index.js:204:7)
    at Layer.handleRequest (E:\nti\e-backend\node_modules\router\lib\layer.js:152:17)
    at trimPrefix (E:\nti\e-backend\node_modules\router\index.js:342:13)
    at E:\nti\e-backend\node_modules\router\index.js:297:9
    at processParams (E:\nti\e-backend\node_modules\router\index.js:582:12)
    at next (E:\nti\e-backend\node_modules\router\index.js:291:5)
    at jsonParser (E:\nti\e-backend\node_modules\body-parser\lib\types\json.js:100:7)
2025/06/30 22:49:50| ERROR| Error GET /products | Cannot read properties of undefined (reading 'includes')
TypeError: Cannot read properties of undefined (reading 'includes')
    at origin (E:\nti\e-backend\middleware\cors.middleware.js:7:27)
    at E:\nti\e-backend\node_modules\cors\lib\index.js:219:13
    at optionsCallback (E:\nti\e-backend\node_modules\cors\lib\index.js:199:9)
    at corsMiddleware (E:\nti\e-backend\node_modules\cors\lib\index.js:204:7)
    at Layer.handleRequest (E:\nti\e-backend\node_modules\router\lib\layer.js:152:17)
    at trimPrefix (E:\nti\e-backend\node_modules\router\index.js:342:13)
    at E:\nti\e-backend\node_modules\router\index.js:297:9
    at processParams (E:\nti\e-backend\node_modules\router\index.js:582:12)
    at next (E:\nti\e-backend\node_modules\router\index.js:291:5)
    at Function.handle (E:\nti\e-backend\node_modules\router\index.js:186:3)
2025/06/30 22:50:50| ERROR| Error GET /products | Cannot read properties of undefined (reading 'includes')
TypeError: Cannot read properties of undefined (reading 'includes')
    at origin (E:\nti\e-backend\middleware\cors.middleware.js:10:31)
    at E:\nti\e-backend\node_modules\cors\lib\index.js:219:13
    at optionsCallback (E:\nti\e-backend\node_modules\cors\lib\index.js:199:9)
    at corsMiddleware (E:\nti\e-backend\node_modules\cors\lib\index.js:204:7)
    at Layer.handleRequest (E:\nti\e-backend\node_modules\router\lib\layer.js:152:17)
    at trimPrefix (E:\nti\e-backend\node_modules\router\index.js:342:13)
    at E:\nti\e-backend\node_modules\router\index.js:297:9
    at processParams (E:\nti\e-backend\node_modules\router\index.js:582:12)
    at next (E:\nti\e-backend\node_modules\router\index.js:291:5)
    at Function.handle (E:\nti\e-backend\node_modules\router\index.js:186:3)
2025/07/03 01:35:42| ERROR| Error POST /cart/add | AppError is not defined
ReferenceError: AppError is not defined
    at exports.authenticate (E:\nti\e-backend\middleware\auth.middleware.js:29:23)
    at Layer.handleRequest (E:\nti\e-backend\node_modules\router\lib\layer.js:152:17)
    at next (E:\nti\e-backend\node_modules\router\lib\route.js:157:13)
    at Route.dispatch (E:\nti\e-backend\node_modules\router\lib\route.js:117:3)
    at handle (E:\nti\e-backend\node_modules\router\index.js:435:11)
    at Layer.handleRequest (E:\nti\e-backend\node_modules\router\lib\layer.js:152:17)
    at E:\nti\e-backend\node_modules\router\index.js:295:15
    at processParams (E:\nti\e-backend\node_modules\router\index.js:582:12)
    at next (E:\nti\e-backend\node_modules\router\index.js:291:5)
    at Function.handle (E:\nti\e-backend\node_modules\router\index.js:186:3)
2025/07/03 01:38:14| ERROR| Error POST /cart/add | Only 0 items available
Error: Only 0 items available
    at exports.addToCart (E:\nti\e-backend\controllers\cart.controller.js:23:19)
    at process.processTicksAndRejections (node:internal/process/task_queues:95:5)
2025/07/03 01:39:38| ERROR| Error POST /cart/add | Failed to add item to cart
Error: Failed to add item to cart
    at exports.addToCart (E:\nti\e-backend\controllers\cart.controller.js:79:10)
    at process.processTicksAndRejections (node:internal/process/task_queues:95:5)
2025/07/03 01:44:16| ERROR| Error POST /cart/add | Failed to add item to cart
Error: Failed to add item to cart
    at exports.addToCart (E:\nti\e-backend\controllers\cart.controller.js:77:19)
    at process.processTicksAndRejections (node:internal/process/task_queues:95:5)
2025/07/03 01:49:01| ERROR| Error POST /cart/add | Failed to add item to cart
Error: Failed to add item to cart
    at exports.addToCart (E:\nti\e-backend\controllers\cart.controller.js:77:19)
    at process.processTicksAndRejections (node:internal/process/task_queues:95:5)
2025/07/03 01:53:13| ERROR| Error POST /cart/add?productId=68611fb90b62ca972f6a5455&quantity=2 | Failed to add item to cart
Error: Failed to add item to cart
    at exports.addToCart (E:\nti\e-backend\controllers\cart.controller.js:77:19)
    at Layer.handleRequest (E:\nti\e-backend\node_modules\router\lib\layer.js:152:17)
    at next (E:\nti\e-backend\node_modules\router\lib\route.js:157:13)
    at Route.dispatch (E:\nti\e-backend\node_modules\router\lib\route.js:117:3)
    at handle (E:\nti\e-backend\node_modules\router\index.js:435:11)
    at Layer.handleRequest (E:\nti\e-backend\node_modules\router\lib\layer.js:152:17)
    at E:\nti\e-backend\node_modules\router\index.js:295:15
    at processParams (E:\nti\e-backend\node_modules\router\index.js:582:12)
    at next (E:\nti\e-backend\node_modules\router\index.js:291:5)
    at Function.handle (E:\nti\e-backend\node_modules\router\index.js:186:3)
2025/07/03 01:57:49| ERROR| Error POST /cart/add?productId=68611fb90b62ca972f6a5455&quantity=2 | Failed to add item to cart
Error: Failed to add item to cart
    at exports.addToCart (E:\nti\e-backend\controllers\cart.controller.js:79:19)
    at Layer.handleRequest (E:\nti\e-backend\node_modules\router\lib\layer.js:152:17)
    at next (E:\nti\e-backend\node_modules\router\lib\route.js:157:13)
    at Route.dispatch (E:\nti\e-backend\node_modules\router\lib\route.js:117:3)
    at handle (E:\nti\e-backend\node_modules\router\index.js:435:11)
    at Layer.handleRequest (E:\nti\e-backend\node_modules\router\lib\layer.js:152:17)
    at E:\nti\e-backend\node_modules\router\index.js:295:15
    at processParams (E:\nti\e-backend\node_modules\router\index.js:582:12)
    at next (E:\nti\e-backend\node_modules\router\index.js:291:5)
    at Function.handle (E:\nti\e-backend\node_modules\router\index.js:186:3)
2025/07/03 01:57:51| ERROR| Error POST /cart/add?productId=68611fb90b62ca972f6a5455&quantity=2 | Failed to add item to cart
Error: Failed to add item to cart
    at exports.addToCart (E:\nti\e-backend\controllers\cart.controller.js:79:19)
    at Layer.handleRequest (E:\nti\e-backend\node_modules\router\lib\layer.js:152:17)
    at next (E:\nti\e-backend\node_modules\router\lib\route.js:157:13)
    at Route.dispatch (E:\nti\e-backend\node_modules\router\lib\route.js:117:3)
    at handle (E:\nti\e-backend\node_modules\router\index.js:435:11)
    at Layer.handleRequest (E:\nti\e-backend\node_modules\router\lib\layer.js:152:17)
    at E:\nti\e-backend\node_modules\router\index.js:295:15
    at processParams (E:\nti\e-backend\node_modules\router\index.js:582:12)
    at next (E:\nti\e-backend\node_modules\router\index.js:291:5)
    at Function.handle (E:\nti\e-backend\node_modules\router\index.js:186:3)
2025/07/03 02:00:02| ERROR| Error POST /cart/add | Failed to add item to cart
Error: Failed to add item to cart
    at exports.addToCart (E:\nti\e-backend\controllers\cart.controller.js:79:19)
    at Layer.handleRequest (E:\nti\e-backend\node_modules\router\lib\layer.js:152:17)
    at next (E:\nti\e-backend\node_modules\router\lib\route.js:157:13)
    at Route.dispatch (E:\nti\e-backend\node_modules\router\lib\route.js:117:3)
    at handle (E:\nti\e-backend\node_modules\router\index.js:435:11)
    at Layer.handleRequest (E:\nti\e-backend\node_modules\router\lib\layer.js:152:17)
    at E:\nti\e-backend\node_modules\router\index.js:295:15
    at processParams (E:\nti\e-backend\node_modules\router\index.js:582:12)
    at next (E:\nti\e-backend\node_modules\router\index.js:291:5)
    at Function.handle (E:\nti\e-backend\node_modules\router\index.js:186:3)
2025/07/03 02:00:23| ERROR| Error POST /cart/add | Failed to add item to cart
Error: Failed to add item to cart
    at exports.addToCart (E:\nti\e-backend\controllers\cart.controller.js:79:19)
    at Layer.handleRequest (E:\nti\e-backend\node_modules\router\lib\layer.js:152:17)
    at next (E:\nti\e-backend\node_modules\router\lib\route.js:157:13)
    at Route.dispatch (E:\nti\e-backend\node_modules\router\lib\route.js:117:3)
    at handle (E:\nti\e-backend\node_modules\router\index.js:435:11)
    at Layer.handleRequest (E:\nti\e-backend\node_modules\router\lib\layer.js:152:17)
    at E:\nti\e-backend\node_modules\router\index.js:295:15
    at processParams (E:\nti\e-backend\node_modules\router\index.js:582:12)
    at next (E:\nti\e-backend\node_modules\router\index.js:291:5)
    at Function.handle (E:\nti\e-backend\node_modules\router\index.js:186:3)
2025/07/03 02:18:58| ERROR| Error POST /cart/add | Cannot add more than available stock (10)
Error: Cannot add more than available stock (10)
    at exports.addToCart (E:\nti\e-backend\controllers\cart.controller.js:43:21)
    at process.processTicksAndRejections (node:internal/process/task_queues:95:5)
2025/07/03 02:19:21| ERROR| Error POST /cart/add | Cannot add more than available stock (10)
Error: Cannot add more than available stock (10)
    at exports.addToCart (E:\nti\e-backend\controllers\cart.controller.js:43:21)
    at process.processTicksAndRejections (node:internal/process/task_queues:95:5)
2025/07/03 02:19:34| ERROR| Error POST /cart/add | Cannot add more than available stock (10)
Error: Cannot add more than available stock (10)
    at exports.addToCart (E:\nti\e-backend\controllers\cart.controller.js:43:21)
    at process.processTicksAndRejections (node:internal/process/task_queues:95:5)
2025/07/03 02:19:48| ERROR| Error POST /cart/add | Cannot add more than available stock (10)
Error: Cannot add more than available stock (10)
    at exports.addToCart (E:\nti\e-backend\controllers\cart.controller.js:43:21)
    at process.processTicksAndRejections (node:internal/process/task_queues:95:5)
2025/07/03 02:22:25| ERROR| Error POST /cart/add | Failed to add item to cart
Error: Failed to add item to cart
    at exports.addToCart (E:\nti\e-backend\controllers\cart.controller.js:79:19)
    at process.processTicksAndRejections (node:internal/process/task_queues:95:5)
2025/07/03 02:24:55| ERROR| Error POST /cart/add | Failed to add item to cart
Error: Failed to add item to cart
    at exports.addToCart (E:\nti\e-backend\controllers\cart.controller.js:67:19)
    at process.processTicksAndRejections (node:internal/process/task_queues:95:5)
2025/07/03 02:25:52| ERROR| Error POST /cart/add | Failed to add item to cart
Error: Failed to add item to cart
    at exports.addToCart (E:\nti\e-backend\controllers\cart.controller.js:67:19)
    at process.processTicksAndRejections (node:internal/process/task_queues:95:5)
2025/07/03 02:27:04| ERROR| Error POST /cart/add | Cannot add more than available stock (10)
Error: Cannot add more than available stock (10)
    at exports.addToCart (E:\nti\e-backend\controllers\cart.controller.js:35:21)
    at process.processTicksAndRejections (node:internal/process/task_queues:95:5)
2025/07/03 02:28:13| ERROR| Error POST /cart/add | AppError is not defined
ReferenceError: AppError is not defined
    at exports.authenticate (E:\nti\e-backend\middleware\auth.middleware.js:29:23)
    at Layer.handleRequest (E:\nti\e-backend\node_modules\router\lib\layer.js:152:17)
    at next (E:\nti\e-backend\node_modules\router\lib\route.js:157:13)
    at Route.dispatch (E:\nti\e-backend\node_modules\router\lib\route.js:117:3)
    at handle (E:\nti\e-backend\node_modules\router\index.js:435:11)
    at Layer.handleRequest (E:\nti\e-backend\node_modules\router\lib\layer.js:152:17)
    at E:\nti\e-backend\node_modules\router\index.js:295:15
    at processParams (E:\nti\e-backend\node_modules\router\index.js:582:12)
    at next (E:\nti\e-backend\node_modules\router\index.js:291:5)
    at Function.handle (E:\nti\e-backend\node_modules\router\index.js:186:3)
2025/07/03 02:31:29| ERROR| Error POST /cart/add | Invalid token. Please log in again!
Error: Invalid token. Please log in again!
    at exports.authenticate (E:\nti\e-backend\middleware\auth.middleware.js:30:25)
    at Layer.handleRequest (E:\nti\e-backend\node_modules\router\lib\layer.js:152:17)
    at next (E:\nti\e-backend\node_modules\router\lib\route.js:157:13)
    at Route.dispatch (E:\nti\e-backend\node_modules\router\lib\route.js:117:3)
    at handle (E:\nti\e-backend\node_modules\router\index.js:435:11)
    at Layer.handleRequest (E:\nti\e-backend\node_modules\router\lib\layer.js:152:17)
    at E:\nti\e-backend\node_modules\router\index.js:295:15
    at processParams (E:\nti\e-backend\node_modules\router\index.js:582:12)
    at next (E:\nti\e-backend\node_modules\router\index.js:291:5)
    at Function.handle (E:\nti\e-backend\node_modules\router\index.js:186:3)
2025/07/03 02:32:33| ERROR| Error POST /cart/add | Invalid token. Please log in again!
Error: Invalid token. Please log in again!
    at exports.authenticate (E:\nti\e-backend\middleware\auth.middleware.js:30:25)
    at Layer.handleRequest (E:\nti\e-backend\node_modules\router\lib\layer.js:152:17)
    at next (E:\nti\e-backend\node_modules\router\lib\route.js:157:13)
    at Route.dispatch (E:\nti\e-backend\node_modules\router\lib\route.js:117:3)
    at handle (E:\nti\e-backend\node_modules\router\index.js:435:11)
    at Layer.handleRequest (E:\nti\e-backend\node_modules\router\lib\layer.js:152:17)
    at E:\nti\e-backend\node_modules\router\index.js:295:15
    at processParams (E:\nti\e-backend\node_modules\router\index.js:582:12)
    at next (E:\nti\e-backend\node_modules\router\index.js:291:5)
    at Function.handle (E:\nti\e-backend\node_modules\router\index.js:186:3)
2025/07/03 02:33:19| ERROR| Error POST /cart/add | Invalid token. Please log in again!
Error: Invalid token. Please log in again!
    at exports.authenticate (E:\nti\e-backend\middleware\auth.middleware.js:30:25)
    at Layer.handleRequest (E:\nti\e-backend\node_modules\router\lib\layer.js:152:17)
    at next (E:\nti\e-backend\node_modules\router\lib\route.js:157:13)
    at Route.dispatch (E:\nti\e-backend\node_modules\router\lib\route.js:117:3)
    at handle (E:\nti\e-backend\node_modules\router\index.js:435:11)
    at Layer.handleRequest (E:\nti\e-backend\node_modules\router\lib\layer.js:152:17)
    at E:\nti\e-backend\node_modules\router\index.js:295:15
    at processParams (E:\nti\e-backend\node_modules\router\index.js:582:12)
    at next (E:\nti\e-backend\node_modules\router\index.js:291:5)
    at Function.handle (E:\nti\e-backend\node_modules\router\index.js:186:3)
2025/07/03 02:38:10| ERROR| Error POST /cart/add | Invalid token. Please log in again!
Error: Invalid token. Please log in again!
    at exports.authenticate (E:\nti\e-backend\middleware\auth.middleware.js:30:25)
    at Layer.handleRequest (E:\nti\e-backend\node_modules\router\lib\layer.js:152:17)
    at next (E:\nti\e-backend\node_modules\router\lib\route.js:157:13)
    at Route.dispatch (E:\nti\e-backend\node_modules\router\lib\route.js:117:3)
    at handle (E:\nti\e-backend\node_modules\router\index.js:435:11)
    at Layer.handleRequest (E:\nti\e-backend\node_modules\router\lib\layer.js:152:17)
    at E:\nti\e-backend\node_modules\router\index.js:295:15
    at processParams (E:\nti\e-backend\node_modules\router\index.js:582:12)
    at next (E:\nti\e-backend\node_modules\router\index.js:291:5)
    at Function.handle (E:\nti\e-backend\node_modules\router\index.js:186:3)
2025/07/03 02:46:17| ERROR| Error POST /cart/add | Invalid token. Please log in again!
Error: Invalid token. Please log in again!
    at exports.authenticate (E:\nti\e-backend\middleware\auth.middleware.js:30:25)
    at Layer.handleRequest (E:\nti\e-backend\node_modules\router\lib\layer.js:152:17)
    at next (E:\nti\e-backend\node_modules\router\lib\route.js:157:13)
    at Route.dispatch (E:\nti\e-backend\node_modules\router\lib\route.js:117:3)
    at handle (E:\nti\e-backend\node_modules\router\index.js:435:11)
    at Layer.handleRequest (E:\nti\e-backend\node_modules\router\lib\layer.js:152:17)
    at E:\nti\e-backend\node_modules\router\index.js:295:15
    at processParams (E:\nti\e-backend\node_modules\router\index.js:582:12)
    at next (E:\nti\e-backend\node_modules\router\index.js:291:5)
    at Function.handle (E:\nti\e-backend\node_modules\router\index.js:186:3)
2025/07/03 02:48:15| ERROR| Error POST /cart/add | AppError is not defined
ReferenceError: AppError is not defined
    at exports.authenticate (E:\nti\e-backend\middleware\auth.middleware.js:29:23)
    at Layer.handleRequest (E:\nti\e-backend\node_modules\router\lib\layer.js:152:17)
    at next (E:\nti\e-backend\node_modules\router\lib\route.js:157:13)
    at Route.dispatch (E:\nti\e-backend\node_modules\router\lib\route.js:117:3)
    at handle (E:\nti\e-backend\node_modules\router\index.js:435:11)
    at Layer.handleRequest (E:\nti\e-backend\node_modules\router\lib\layer.js:152:17)
    at E:\nti\e-backend\node_modules\router\index.js:295:15
    at processParams (E:\nti\e-backend\node_modules\router\index.js:582:12)
    at next (E:\nti\e-backend\node_modules\router\index.js:291:5)
    at Function.handle (E:\nti\e-backend\node_modules\router\index.js:186:3)
2025/07/03 02:51:07| ERROR| Error POST /cart/add | Failed to add item to cart
Error: Failed to add item to cart
    at exports.addToCart (E:\nti\e-backend\controllers\cart.controller.js:67:19)
    at process.processTicksAndRejections (node:internal/process/task_queues:95:5)
2025/07/03 02:51:12| ERROR| Error POST /cart/add | Failed to add item to cart
Error: Failed to add item to cart
    at exports.addToCart (E:\nti\e-backend\controllers\cart.controller.js:67:19)
    at process.processTicksAndRejections (node:internal/process/task_queues:95:5)
2025/07/03 12:41:17| ERROR| Error GET /cart | Invalid token. Please log in again!
Error: Invalid token. Please log in again!
    at exports.authenticate (E:\nti\e-backend\middleware\auth.middleware.js:28:19)
    at Layer.handleRequest (E:\nti\e-backend\node_modules\router\lib\layer.js:152:17)
    at next (E:\nti\e-backend\node_modules\router\lib\route.js:157:13)
    at Route.dispatch (E:\nti\e-backend\node_modules\router\lib\route.js:117:3)
    at handle (E:\nti\e-backend\node_modules\router\index.js:435:11)
    at Layer.handleRequest (E:\nti\e-backend\node_modules\router\lib\layer.js:152:17)
    at E:\nti\e-backend\node_modules\router\index.js:295:15
    at processParams (E:\nti\e-backend\node_modules\router\index.js:582:12)
    at next (E:\nti\e-backend\node_modules\router\index.js:291:5)
    at Function.handle (E:\nti\e-backend\node_modules\router\index.js:186:3)
2025/07/03 12:41:21| ERROR| Error GET /cart | Invalid token. Please log in again!
Error: Invalid token. Please log in again!
    at exports.authenticate (E:\nti\e-backend\middleware\auth.middleware.js:28:19)
    at Layer.handleRequest (E:\nti\e-backend\node_modules\router\lib\layer.js:152:17)
    at next (E:\nti\e-backend\node_modules\router\lib\route.js:157:13)
    at Route.dispatch (E:\nti\e-backend\node_modules\router\lib\route.js:117:3)
    at handle (E:\nti\e-backend\node_modules\router\index.js:435:11)
    at Layer.handleRequest (E:\nti\e-backend\node_modules\router\lib\layer.js:152:17)
    at E:\nti\e-backend\node_modules\router\index.js:295:15
    at processParams (E:\nti\e-backend\node_modules\router\index.js:582:12)
    at next (E:\nti\e-backend\node_modules\router\index.js:291:5)
    at Function.handle (E:\nti\e-backend\node_modules\router\index.js:186:3)
2025/07/03 12:42:04| ERROR| Error GET /cart | Invalid token. Please log in again!
Error: Invalid token. Please log in again!
    at exports.authenticate (E:\nti\e-backend\middleware\auth.middleware.js:28:19)
    at Layer.handleRequest (E:\nti\e-backend\node_modules\router\lib\layer.js:152:17)
    at next (E:\nti\e-backend\node_modules\router\lib\route.js:157:13)
    at Route.dispatch (E:\nti\e-backend\node_modules\router\lib\route.js:117:3)
    at handle (E:\nti\e-backend\node_modules\router\index.js:435:11)
    at Layer.handleRequest (E:\nti\e-backend\node_modules\router\lib\layer.js:152:17)
    at E:\nti\e-backend\node_modules\router\index.js:295:15
    at processParams (E:\nti\e-backend\node_modules\router\index.js:582:12)
    at next (E:\nti\e-backend\node_modules\router\index.js:291:5)
    at Function.handle (E:\nti\e-backend\node_modules\router\index.js:186:3)
2025/07/03 12:43:08| ERROR| Error GET /cart | Invalid token. Please log in again!
Error: Invalid token. Please log in again!
    at exports.authenticate (E:\nti\e-backend\middleware\auth.middleware.js:28:19)
    at Layer.handleRequest (E:\nti\e-backend\node_modules\router\lib\layer.js:152:17)
    at next (E:\nti\e-backend\node_modules\router\lib\route.js:157:13)
    at Route.dispatch (E:\nti\e-backend\node_modules\router\lib\route.js:117:3)
    at handle (E:\nti\e-backend\node_modules\router\index.js:435:11)
    at Layer.handleRequest (E:\nti\e-backend\node_modules\router\lib\layer.js:152:17)
    at E:\nti\e-backend\node_modules\router\index.js:295:15
    at processParams (E:\nti\e-backend\node_modules\router\index.js:582:12)
    at next (E:\nti\e-backend\node_modules\router\index.js:291:5)
    at Function.handle (E:\nti\e-backend\node_modules\router\index.js:186:3)
2025/07/03 12:43:38| ERROR| Error GET /cart | Invalid token. Please log in again!
Error: Invalid token. Please log in again!
    at exports.authenticate (E:\nti\e-backend\middleware\auth.middleware.js:28:19)
    at Layer.handleRequest (E:\nti\e-backend\node_modules\router\lib\layer.js:152:17)
    at next (E:\nti\e-backend\node_modules\router\lib\route.js:157:13)
    at Route.dispatch (E:\nti\e-backend\node_modules\router\lib\route.js:117:3)
    at handle (E:\nti\e-backend\node_modules\router\index.js:435:11)
    at Layer.handleRequest (E:\nti\e-backend\node_modules\router\lib\layer.js:152:17)
    at E:\nti\e-backend\node_modules\router\index.js:295:15
    at processParams (E:\nti\e-backend\node_modules\router\index.js:582:12)
    at next (E:\nti\e-backend\node_modules\router\index.js:291:5)
    at Function.handle (E:\nti\e-backend\node_modules\router\index.js:186:3)
2025/07/03 12:43:50| ERROR| Error GET /cart | Invalid token. Please log in again!
Error: Invalid token. Please log in again!
    at exports.authenticate (E:\nti\e-backend\middleware\auth.middleware.js:28:19)
    at Layer.handleRequest (E:\nti\e-backend\node_modules\router\lib\layer.js:152:17)
    at next (E:\nti\e-backend\node_modules\router\lib\route.js:157:13)
    at Route.dispatch (E:\nti\e-backend\node_modules\router\lib\route.js:117:3)
    at handle (E:\nti\e-backend\node_modules\router\index.js:435:11)
    at Layer.handleRequest (E:\nti\e-backend\node_modules\router\lib\layer.js:152:17)
    at E:\nti\e-backend\node_modules\router\index.js:295:15
    at processParams (E:\nti\e-backend\node_modules\router\index.js:582:12)
    at next (E:\nti\e-backend\node_modules\router\index.js:291:5)
    at Function.handle (E:\nti\e-backend\node_modules\router\index.js:186:3)
2025/07/03 12:44:01| ERROR| Error GET /cart | Invalid token. Please log in again!
Error: Invalid token. Please log in again!
    at exports.authenticate (E:\nti\e-backend\middleware\auth.middleware.js:28:19)
    at Layer.handleRequest (E:\nti\e-backend\node_modules\router\lib\layer.js:152:17)
    at next (E:\nti\e-backend\node_modules\router\lib\route.js:157:13)
    at Route.dispatch (E:\nti\e-backend\node_modules\router\lib\route.js:117:3)
    at handle (E:\nti\e-backend\node_modules\router\index.js:435:11)
    at Layer.handleRequest (E:\nti\e-backend\node_modules\router\lib\layer.js:152:17)
    at E:\nti\e-backend\node_modules\router\index.js:295:15
    at processParams (E:\nti\e-backend\node_modules\router\index.js:582:12)
    at next (E:\nti\e-backend\node_modules\router\index.js:291:5)
    at Function.handle (E:\nti\e-backend\node_modules\router\index.js:186:3)
2025/07/03 12:47:49| ERROR| Error GET /cart | Invalid token. Please log in again!
Error: Invalid token. Please log in again!
    at exports.authenticate (E:\nti\e-backend\middleware\auth.middleware.js:28:19)
    at Layer.handleRequest (E:\nti\e-backend\node_modules\router\lib\layer.js:152:17)
    at next (E:\nti\e-backend\node_modules\router\lib\route.js:157:13)
    at Route.dispatch (E:\nti\e-backend\node_modules\router\lib\route.js:117:3)
    at handle (E:\nti\e-backend\node_modules\router\index.js:435:11)
    at Layer.handleRequest (E:\nti\e-backend\node_modules\router\lib\layer.js:152:17)
    at E:\nti\e-backend\node_modules\router\index.js:295:15
    at processParams (E:\nti\e-backend\node_modules\router\index.js:582:12)
    at next (E:\nti\e-backend\node_modules\router\index.js:291:5)
    at Function.handle (E:\nti\e-backend\node_modules\router\index.js:186:3)
2025/07/03 12:47:56| ERROR| Error GET /cart | Invalid token. Please log in again!
Error: Invalid token. Please log in again!
    at exports.authenticate (E:\nti\e-backend\middleware\auth.middleware.js:28:19)
    at Layer.handleRequest (E:\nti\e-backend\node_modules\router\lib\layer.js:152:17)
    at next (E:\nti\e-backend\node_modules\router\lib\route.js:157:13)
    at Route.dispatch (E:\nti\e-backend\node_modules\router\lib\route.js:117:3)
    at handle (E:\nti\e-backend\node_modules\router\index.js:435:11)
    at Layer.handleRequest (E:\nti\e-backend\node_modules\router\lib\layer.js:152:17)
    at E:\nti\e-backend\node_modules\router\index.js:295:15
    at processParams (E:\nti\e-backend\node_modules\router\index.js:582:12)
    at next (E:\nti\e-backend\node_modules\router\index.js:291:5)
    at Function.handle (E:\nti\e-backend\node_modules\router\index.js:186:3)
2025/07/03 12:48:46| ERROR| Error GET /cart | Invalid token. Please log in again!
Error: Invalid token. Please log in again!
    at exports.authenticate (E:\nti\e-backend\middleware\auth.middleware.js:28:19)
    at Layer.handleRequest (E:\nti\e-backend\node_modules\router\lib\layer.js:152:17)
    at next (E:\nti\e-backend\node_modules\router\lib\route.js:157:13)
    at Route.dispatch (E:\nti\e-backend\node_modules\router\lib\route.js:117:3)
    at handle (E:\nti\e-backend\node_modules\router\index.js:435:11)
    at Layer.handleRequest (E:\nti\e-backend\node_modules\router\lib\layer.js:152:17)
    at E:\nti\e-backend\node_modules\router\index.js:295:15
    at processParams (E:\nti\e-backend\node_modules\router\index.js:582:12)
    at next (E:\nti\e-backend\node_modules\router\index.js:291:5)
    at Function.handle (E:\nti\e-backend\node_modules\router\index.js:186:3)
2025/07/03 13:34:04| ERROR| Error GET /cart | Failed to retrieve cart
Error: Failed to retrieve cart
    at exports.getCart (E:\nti\e-backend\controllers\cart.controller.js:178:10)
    at process.processTicksAndRejections (node:internal/process/task_queues:95:5)
2025/07/03 13:34:42| ERROR| Error GET /cart | Failed to retrieve cart
Error: Failed to retrieve cart
    at exports.getCart (E:\nti\e-backend\controllers\cart.controller.js:178:10)
    at process.processTicksAndRejections (node:internal/process/task_queues:95:5)
2025/07/03 13:34:47| ERROR| Error GET /cart | Failed to retrieve cart
Error: Failed to retrieve cart
    at exports.getCart (E:\nti\e-backend\controllers\cart.controller.js:178:10)
    at process.processTicksAndRejections (node:internal/process/task_queues:95:5)
2025/07/03 13:35:15| ERROR| Error GET /cart | Failed to retrieve cart
Error: Failed to retrieve cart
    at exports.getCart (E:\nti\e-backend\controllers\cart.controller.js:178:10)
    at process.processTicksAndRejections (node:internal/process/task_queues:95:5)
2025/07/03 13:35:29| ERROR| Error GET /cart | Failed to retrieve cart
Error: Failed to retrieve cart
    at exports.getCart (E:\nti\e-backend\controllers\cart.controller.js:178:10)
    at process.processTicksAndRejections (node:internal/process/task_queues:95:5)
2025/07/03 13:36:11| ERROR| Error GET /cart | Failed to retrieve cart
Error: Failed to retrieve cart
    at exports.getCart (E:\nti\e-backend\controllers\cart.controller.js:178:10)
    at process.processTicksAndRejections (node:internal/process/task_queues:95:5)
2025/07/03 22:06:09| ERROR| Error POST /testimonial | Invalid token. Please log in again!
Error: Invalid token. Please log in again!
    at exports.authenticate (E:\nti\e-backend\middleware\auth.middleware.js:28:19)
    at Layer.handleRequest (E:\nti\e-backend\node_modules\router\lib\layer.js:152:17)
    at next (E:\nti\e-backend\node_modules\router\lib\route.js:157:13)
    at Route.dispatch (E:\nti\e-backend\node_modules\router\lib\route.js:117:3)
    at handle (E:\nti\e-backend\node_modules\router\index.js:435:11)
    at Layer.handleRequest (E:\nti\e-backend\node_modules\router\lib\layer.js:152:17)
    at E:\nti\e-backend\node_modules\router\index.js:295:15
    at processParams (E:\nti\e-backend\node_modules\router\index.js:582:12)
    at next (E:\nti\e-backend\node_modules\router\index.js:291:5)
    at Function.handle (E:\nti\e-backend\node_modules\router\index.js:186:3)
2025/07/03 22:08:00| ERROR| Error POST /testimonial | Invalid token. Please log in again!
Error: Invalid token. Please log in again!
    at exports.authenticate (E:\nti\e-backend\middleware\auth.middleware.js:28:19)
    at Layer.handleRequest (E:\nti\e-backend\node_modules\router\lib\layer.js:152:17)
    at next (E:\nti\e-backend\node_modules\router\lib\route.js:157:13)
    at Route.dispatch (E:\nti\e-backend\node_modules\router\lib\route.js:117:3)
    at handle (E:\nti\e-backend\node_modules\router\index.js:435:11)
    at Layer.handleRequest (E:\nti\e-backend\node_modules\router\lib\layer.js:152:17)
    at E:\nti\e-backend\node_modules\router\index.js:295:15
    at processParams (E:\nti\e-backend\node_modules\router\index.js:582:12)
    at next (E:\nti\e-backend\node_modules\router\index.js:291:5)
    at Function.handle (E:\nti\e-backend\node_modules\router\index.js:186:3)
2025/07/04 22:19:56| INFO| Order created with ID 6868295c9ddafa94d4fd1d6b
2025/07/04 22:27:39| INFO| Order created with ID 68682b2bc454e4ab51eff0e1
2025/07/05 13:56:52| ERROR| Error POST /cart/add | Invalid token. Please log in again!
Error: Invalid token. Please log in again!
    at exports.authenticate (E:\nti\e-backend\middleware\auth.middleware.js:28:19)
    at Layer.handleRequest (E:\nti\e-backend\node_modules\router\lib\layer.js:152:17)
    at next (E:\nti\e-backend\node_modules\router\lib\route.js:157:13)
    at Route.dispatch (E:\nti\e-backend\node_modules\router\lib\route.js:117:3)
    at handle (E:\nti\e-backend\node_modules\router\index.js:435:11)
    at Layer.handleRequest (E:\nti\e-backend\node_modules\router\lib\layer.js:152:17)
    at E:\nti\e-backend\node_modules\router\index.js:295:15
    at processParams (E:\nti\e-backend\node_modules\router\index.js:582:12)
    at next (E:\nti\e-backend\node_modules\router\index.js:291:5)
    at Function.handle (E:\nti\e-backend\node_modules\router\index.js:186:3)
2025/07/05 14:25:15| INFO| Order created with ID 68690b9babfce1a6a7c1948b
2025/07/05 15:52:00| ERROR| Error PUT /user/undefined | Cast to ObjectId failed for value "undefined" (type string) at path "_id" for model "User"
CastError: Cast to ObjectId failed for value "undefined" (type string) at path "_id" for model "User"
    at SchemaObjectId.cast (E:\nti\e-backend\node_modules\mongoose\lib\schema\objectId.js:251:11)
    at SchemaType.applySetters (E:\nti\e-backend\node_modules\mongoose\lib\schemaType.js:1255:12)
    at SchemaType.castForQuery (E:\nti\e-backend\node_modules\mongoose\lib\schemaType.js:1673:17)
    at cast (E:\nti\e-backend\node_modules\mongoose\lib\cast.js:390:32)
    at Query.cast (E:\nti\e-backend\node_modules\mongoose\lib\query.js:5055:12)
    at Query._castConditions (E:\nti\e-backend\node_modules\mongoose\lib\query.js:2351:10)
    at model.Query._findOneAndUpdate (E:\nti\e-backend\node_modules\mongoose\lib\query.js:3454:8)
    at model.Query.exec (E:\nti\e-backend\node_modules\mongoose\lib\query.js:4604:80)
    at process.processTicksAndRejections (node:internal/process/task_queues:95:5)
    at async E:\nti\e-backend\controllers\user.controller.js:78:23
2025/07/05 15:54:19| ERROR| Error PUT /user/undefined | Cast to ObjectId failed for value "undefined" (type string) at path "_id" for model "User"
CastError: Cast to ObjectId failed for value "undefined" (type string) at path "_id" for model "User"
    at SchemaObjectId.cast (E:\nti\e-backend\node_modules\mongoose\lib\schema\objectId.js:251:11)
    at SchemaType.applySetters (E:\nti\e-backend\node_modules\mongoose\lib\schemaType.js:1255:12)
    at SchemaType.castForQuery (E:\nti\e-backend\node_modules\mongoose\lib\schemaType.js:1673:17)
    at cast (E:\nti\e-backend\node_modules\mongoose\lib\cast.js:390:32)
    at Query.cast (E:\nti\e-backend\node_modules\mongoose\lib\query.js:5055:12)
    at Query._castConditions (E:\nti\e-backend\node_modules\mongoose\lib\query.js:2351:10)
    at model.Query._findOneAndUpdate (E:\nti\e-backend\node_modules\mongoose\lib\query.js:3454:8)
    at model.Query.exec (E:\nti\e-backend\node_modules\mongoose\lib\query.js:4604:80)
    at process.processTicksAndRejections (node:internal/process/task_queues:95:5)
    at async E:\nti\e-backend\controllers\user.controller.js:78:23
2025/07/05 15:57:55| ERROR| Error GET /user/undefined | Cast to ObjectId failed for value "undefined" (type string) at path "_id" for model "User"
CastError: Cast to ObjectId failed for value "undefined" (type string) at path "_id" for model "User"
    at SchemaObjectId.cast (E:\nti\e-backend\node_modules\mongoose\lib\schema\objectId.js:251:11)
    at SchemaType.applySetters (E:\nti\e-backend\node_modules\mongoose\lib\schemaType.js:1255:12)
    at SchemaType.castForQuery (E:\nti\e-backend\node_modules\mongoose\lib\schemaType.js:1673:17)
    at cast (E:\nti\e-backend\node_modules\mongoose\lib\cast.js:390:32)
    at Query.cast (E:\nti\e-backend\node_modules\mongoose\lib\query.js:5055:12)
    at Query._castConditions (E:\nti\e-backend\node_modules\mongoose\lib\query.js:2351:10)
    at model.Query._findOne (E:\nti\e-backend\node_modules\mongoose\lib\query.js:2674:8)
    at model.Query.exec (E:\nti\e-backend\node_modules\mongoose\lib\query.js:4604:80)
    at process.processTicksAndRejections (node:internal/process/task_queues:95:5)
    at async E:\nti\e-backend\controllers\user.controller.js:66:18
2025/07/05 15:59:28| ERROR| Error GET /user/undefined | Cast to ObjectId failed for value "undefined" (type string) at path "_id" for model "User"
CastError: Cast to ObjectId failed for value "undefined" (type string) at path "_id" for model "User"
    at SchemaObjectId.cast (E:\nti\e-backend\node_modules\mongoose\lib\schema\objectId.js:251:11)
    at SchemaType.applySetters (E:\nti\e-backend\node_modules\mongoose\lib\schemaType.js:1255:12)
    at SchemaType.castForQuery (E:\nti\e-backend\node_modules\mongoose\lib\schemaType.js:1673:17)
    at cast (E:\nti\e-backend\node_modules\mongoose\lib\cast.js:390:32)
    at Query.cast (E:\nti\e-backend\node_modules\mongoose\lib\query.js:5055:12)
    at Query._castConditions (E:\nti\e-backend\node_modules\mongoose\lib\query.js:2351:10)
    at model.Query._findOne (E:\nti\e-backend\node_modules\mongoose\lib\query.js:2674:8)
    at model.Query.exec (E:\nti\e-backend\node_modules\mongoose\lib\query.js:4604:80)
    at process.processTicksAndRejections (node:internal/process/task_queues:95:5)
    at async E:\nti\e-backend\controllers\user.controller.js:66:18
2025/07/05 16:09:17| ERROR| Error GET /user/undefined | Cast to ObjectId failed for value "undefined" (type string) at path "_id" for model "User"
CastError: Cast to ObjectId failed for value "undefined" (type string) at path "_id" for model "User"
    at SchemaObjectId.cast (E:\nti\e-backend\node_modules\mongoose\lib\schema\objectId.js:251:11)
    at SchemaType.applySetters (E:\nti\e-backend\node_modules\mongoose\lib\schemaType.js:1255:12)
    at SchemaType.castForQuery (E:\nti\e-backend\node_modules\mongoose\lib\schemaType.js:1673:17)
    at cast (E:\nti\e-backend\node_modules\mongoose\lib\cast.js:390:32)
    at Query.cast (E:\nti\e-backend\node_modules\mongoose\lib\query.js:5055:12)
    at Query._castConditions (E:\nti\e-backend\node_modules\mongoose\lib\query.js:2351:10)
    at model.Query._findOne (E:\nti\e-backend\node_modules\mongoose\lib\query.js:2674:8)
    at model.Query.exec (E:\nti\e-backend\node_modules\mongoose\lib\query.js:4604:80)
    at process.processTicksAndRejections (node:internal/process/task_queues:95:5)
    at async E:\nti\e-backend\controllers\user.controller.js:66:18
2025/07/05 16:13:58| ERROR| Error GET /user/undefined | Cast to ObjectId failed for value "undefined" (type string) at path "_id" for model "User"
CastError: Cast to ObjectId failed for value "undefined" (type string) at path "_id" for model "User"
    at SchemaObjectId.cast (E:\nti\e-backend\node_modules\mongoose\lib\schema\objectId.js:251:11)
    at SchemaType.applySetters (E:\nti\e-backend\node_modules\mongoose\lib\schemaType.js:1255:12)
    at SchemaType.castForQuery (E:\nti\e-backend\node_modules\mongoose\lib\schemaType.js:1673:17)
    at cast (E:\nti\e-backend\node_modules\mongoose\lib\cast.js:390:32)
    at Query.cast (E:\nti\e-backend\node_modules\mongoose\lib\query.js:5055:12)
    at Query._castConditions (E:\nti\e-backend\node_modules\mongoose\lib\query.js:2351:10)
    at model.Query._findOne (E:\nti\e-backend\node_modules\mongoose\lib\query.js:2674:8)
    at model.Query.exec (E:\nti\e-backend\node_modules\mongoose\lib\query.js:4604:80)
    at process.processTicksAndRejections (node:internal/process/task_queues:95:5)
    at async E:\nti\e-backend\controllers\user.controller.js:66:18
2025/07/05 16:14:10| ERROR| Error GET /user/undefined | Cast to ObjectId failed for value "undefined" (type string) at path "_id" for model "User"
CastError: Cast to ObjectId failed for value "undefined" (type string) at path "_id" for model "User"
    at SchemaObjectId.cast (E:\nti\e-backend\node_modules\mongoose\lib\schema\objectId.js:251:11)
    at SchemaType.applySetters (E:\nti\e-backend\node_modules\mongoose\lib\schemaType.js:1255:12)
    at SchemaType.castForQuery (E:\nti\e-backend\node_modules\mongoose\lib\schemaType.js:1673:17)
    at cast (E:\nti\e-backend\node_modules\mongoose\lib\cast.js:390:32)
    at Query.cast (E:\nti\e-backend\node_modules\mongoose\lib\query.js:5055:12)
    at Query._castConditions (E:\nti\e-backend\node_modules\mongoose\lib\query.js:2351:10)
    at model.Query._findOne (E:\nti\e-backend\node_modules\mongoose\lib\query.js:2674:8)
    at model.Query.exec (E:\nti\e-backend\node_modules\mongoose\lib\query.js:4604:80)
    at process.processTicksAndRejections (node:internal/process/task_queues:95:5)
    at async E:\nti\e-backend\controllers\user.controller.js:66:18
2025/07/05 16:14:11| ERROR| Error GET /user/undefined | Cast to ObjectId failed for value "undefined" (type string) at path "_id" for model "User"
CastError: Cast to ObjectId failed for value "undefined" (type string) at path "_id" for model "User"
    at SchemaObjectId.cast (E:\nti\e-backend\node_modules\mongoose\lib\schema\objectId.js:251:11)
    at SchemaType.applySetters (E:\nti\e-backend\node_modules\mongoose\lib\schemaType.js:1255:12)
    at SchemaType.castForQuery (E:\nti\e-backend\node_modules\mongoose\lib\schemaType.js:1673:17)
    at cast (E:\nti\e-backend\node_modules\mongoose\lib\cast.js:390:32)
    at Query.cast (E:\nti\e-backend\node_modules\mongoose\lib\query.js:5055:12)
    at Query._castConditions (E:\nti\e-backend\node_modules\mongoose\lib\query.js:2351:10)
    at model.Query._findOne (E:\nti\e-backend\node_modules\mongoose\lib\query.js:2674:8)
    at model.Query.exec (E:\nti\e-backend\node_modules\mongoose\lib\query.js:4604:80)
    at process.processTicksAndRejections (node:internal/process/task_queues:95:5)
    at async E:\nti\e-backend\controllers\user.controller.js:66:18
2025/07/05 16:17:27| ERROR| Error GET /user/undefined | Cast to ObjectId failed for value "undefined" (type string) at path "_id" for model "User"
CastError: Cast to ObjectId failed for value "undefined" (type string) at path "_id" for model "User"
    at SchemaObjectId.cast (E:\nti\e-backend\node_modules\mongoose\lib\schema\objectId.js:251:11)
    at SchemaType.applySetters (E:\nti\e-backend\node_modules\mongoose\lib\schemaType.js:1255:12)
    at SchemaType.castForQuery (E:\nti\e-backend\node_modules\mongoose\lib\schemaType.js:1673:17)
    at cast (E:\nti\e-backend\node_modules\mongoose\lib\cast.js:390:32)
    at Query.cast (E:\nti\e-backend\node_modules\mongoose\lib\query.js:5055:12)
    at Query._castConditions (E:\nti\e-backend\node_modules\mongoose\lib\query.js:2351:10)
    at model.Query._findOne (E:\nti\e-backend\node_modules\mongoose\lib\query.js:2674:8)
    at model.Query.exec (E:\nti\e-backend\node_modules\mongoose\lib\query.js:4604:80)
    at process.processTicksAndRejections (node:internal/process/task_queues:95:5)
    at async E:\nti\e-backend\controllers\user.controller.js:66:18
2025/07/05 16:22:59| ERROR| Error GET /user/undefined | Cast to ObjectId failed for value "undefined" (type string) at path "_id" for model "User"
CastError: Cast to ObjectId failed for value "undefined" (type string) at path "_id" for model "User"
    at SchemaObjectId.cast (E:\nti\e-backend\node_modules\mongoose\lib\schema\objectId.js:251:11)
    at SchemaType.applySetters (E:\nti\e-backend\node_modules\mongoose\lib\schemaType.js:1255:12)
    at SchemaType.castForQuery (E:\nti\e-backend\node_modules\mongoose\lib\schemaType.js:1673:17)
    at cast (E:\nti\e-backend\node_modules\mongoose\lib\cast.js:390:32)
    at Query.cast (E:\nti\e-backend\node_modules\mongoose\lib\query.js:5055:12)
    at Query._castConditions (E:\nti\e-backend\node_modules\mongoose\lib\query.js:2351:10)
    at model.Query._findOne (E:\nti\e-backend\node_modules\mongoose\lib\query.js:2674:8)
    at model.Query.exec (E:\nti\e-backend\node_modules\mongoose\lib\query.js:4604:80)
    at process.processTicksAndRejections (node:internal/process/task_queues:95:5)
    at async E:\nti\e-backend\controllers\user.controller.js:66:18
2025/07/05 16:26:54| ERROR| Error GET /user/undefined | Cast to ObjectId failed for value "undefined" (type string) at path "_id" for model "User"
CastError: Cast to ObjectId failed for value "undefined" (type string) at path "_id" for model "User"
    at SchemaObjectId.cast (E:\nti\e-backend\node_modules\mongoose\lib\schema\objectId.js:251:11)
    at SchemaType.applySetters (E:\nti\e-backend\node_modules\mongoose\lib\schemaType.js:1255:12)
    at SchemaType.castForQuery (E:\nti\e-backend\node_modules\mongoose\lib\schemaType.js:1673:17)
    at cast (E:\nti\e-backend\node_modules\mongoose\lib\cast.js:390:32)
    at Query.cast (E:\nti\e-backend\node_modules\mongoose\lib\query.js:5055:12)
    at Query._castConditions (E:\nti\e-backend\node_modules\mongoose\lib\query.js:2351:10)
    at model.Query._findOne (E:\nti\e-backend\node_modules\mongoose\lib\query.js:2674:8)
    at model.Query.exec (E:\nti\e-backend\node_modules\mongoose\lib\query.js:4604:80)
    at process.processTicksAndRejections (node:internal/process/task_queues:95:5)
    at async E:\nti\e-backend\controllers\user.controller.js:66:18
2025/07/05 16:29:12| ERROR| Error GET /user/undefined | Cast to ObjectId failed for value "undefined" (type string) at path "_id" for model "User"
CastError: Cast to ObjectId failed for value "undefined" (type string) at path "_id" for model "User"
    at SchemaObjectId.cast (E:\nti\e-backend\node_modules\mongoose\lib\schema\objectId.js:251:11)
    at SchemaType.applySetters (E:\nti\e-backend\node_modules\mongoose\lib\schemaType.js:1255:12)
    at SchemaType.castForQuery (E:\nti\e-backend\node_modules\mongoose\lib\schemaType.js:1673:17)
    at cast (E:\nti\e-backend\node_modules\mongoose\lib\cast.js:390:32)
    at Query.cast (E:\nti\e-backend\node_modules\mongoose\lib\query.js:5055:12)
    at Query._castConditions (E:\nti\e-backend\node_modules\mongoose\lib\query.js:2351:10)
    at model.Query._findOne (E:\nti\e-backend\node_modules\mongoose\lib\query.js:2674:8)
    at model.Query.exec (E:\nti\e-backend\node_modules\mongoose\lib\query.js:4604:80)
    at process.processTicksAndRejections (node:internal/process/task_queues:95:5)
    at async E:\nti\e-backend\controllers\user.controller.js:66:18
2025/07/05 16:35:17| ERROR| Error GET /user/undefined | Cast to ObjectId failed for value "undefined" (type string) at path "_id" for model "User"
CastError: Cast to ObjectId failed for value "undefined" (type string) at path "_id" for model "User"
    at SchemaObjectId.cast (E:\nti\e-backend\node_modules\mongoose\lib\schema\objectId.js:251:11)
    at SchemaType.applySetters (E:\nti\e-backend\node_modules\mongoose\lib\schemaType.js:1255:12)
    at SchemaType.castForQuery (E:\nti\e-backend\node_modules\mongoose\lib\schemaType.js:1673:17)
    at cast (E:\nti\e-backend\node_modules\mongoose\lib\cast.js:390:32)
    at Query.cast (E:\nti\e-backend\node_modules\mongoose\lib\query.js:5055:12)
    at Query._castConditions (E:\nti\e-backend\node_modules\mongoose\lib\query.js:2351:10)
    at model.Query._findOne (E:\nti\e-backend\node_modules\mongoose\lib\query.js:2674:8)
    at model.Query.exec (E:\nti\e-backend\node_modules\mongoose\lib\query.js:4604:80)
    at process.processTicksAndRejections (node:internal/process/task_queues:95:5)
    at async E:\nti\e-backend\controllers\user.controller.js:66:18
2025/07/05 16:35:42| ERROR| Error GET /user/undefined | Cast to ObjectId failed for value "undefined" (type string) at path "_id" for model "User"
CastError: Cast to ObjectId failed for value "undefined" (type string) at path "_id" for model "User"
    at SchemaObjectId.cast (E:\nti\e-backend\node_modules\mongoose\lib\schema\objectId.js:251:11)
    at SchemaType.applySetters (E:\nti\e-backend\node_modules\mongoose\lib\schemaType.js:1255:12)
    at SchemaType.castForQuery (E:\nti\e-backend\node_modules\mongoose\lib\schemaType.js:1673:17)
    at cast (E:\nti\e-backend\node_modules\mongoose\lib\cast.js:390:32)
    at Query.cast (E:\nti\e-backend\node_modules\mongoose\lib\query.js:5055:12)
    at Query._castConditions (E:\nti\e-backend\node_modules\mongoose\lib\query.js:2351:10)
    at model.Query._findOne (E:\nti\e-backend\node_modules\mongoose\lib\query.js:2674:8)
    at model.Query.exec (E:\nti\e-backend\node_modules\mongoose\lib\query.js:4604:80)
    at process.processTicksAndRejections (node:internal/process/task_queues:95:5)
    at async E:\nti\e-backend\controllers\user.controller.js:66:18
2025/07/05 16:35:50| ERROR| Error GET /user/undefined | Cast to ObjectId failed for value "undefined" (type string) at path "_id" for model "User"
CastError: Cast to ObjectId failed for value "undefined" (type string) at path "_id" for model "User"
    at SchemaObjectId.cast (E:\nti\e-backend\node_modules\mongoose\lib\schema\objectId.js:251:11)
    at SchemaType.applySetters (E:\nti\e-backend\node_modules\mongoose\lib\schemaType.js:1255:12)
    at SchemaType.castForQuery (E:\nti\e-backend\node_modules\mongoose\lib\schemaType.js:1673:17)
    at cast (E:\nti\e-backend\node_modules\mongoose\lib\cast.js:390:32)
    at Query.cast (E:\nti\e-backend\node_modules\mongoose\lib\query.js:5055:12)
    at Query._castConditions (E:\nti\e-backend\node_modules\mongoose\lib\query.js:2351:10)
    at model.Query._findOne (E:\nti\e-backend\node_modules\mongoose\lib\query.js:2674:8)
    at model.Query.exec (E:\nti\e-backend\node_modules\mongoose\lib\query.js:4604:80)
    at process.processTicksAndRejections (node:internal/process/task_queues:95:5)
    at async E:\nti\e-backend\controllers\user.controller.js:66:18
2025/07/06 10:40:51| INFO| Order created with ID 686a2883a483d9a782318a6e
2025/07/06 14:50:10| ERROR| Error GET /cart | Invalid token. Please log in again!
Error: Invalid token. Please log in again!
    at exports.authenticate (E:\nti\e-backend\middleware\auth.middleware.js:28:19)
    at Layer.handleRequest (E:\nti\e-backend\node_modules\router\lib\layer.js:152:17)
    at next (E:\nti\e-backend\node_modules\router\lib\route.js:157:13)
    at Route.dispatch (E:\nti\e-backend\node_modules\router\lib\route.js:117:3)
    at handle (E:\nti\e-backend\node_modules\router\index.js:435:11)
    at Layer.handleRequest (E:\nti\e-backend\node_modules\router\lib\layer.js:152:17)
    at E:\nti\e-backend\node_modules\router\index.js:295:15
    at processParams (E:\nti\e-backend\node_modules\router\index.js:582:12)
    at next (E:\nti\e-backend\node_modules\router\index.js:291:5)
    at Function.handle (E:\nti\e-backend\node_modules\router\index.js:186:3)
2025/07/06 14:55:50| INFO| Order created with ID 686a64461757bd1a39c7e5ce
2025/07/06 14:57:58| ERROR| Error GET /order/my-orders | Invalid token. Please log in again!
Error: Invalid token. Please log in again!
    at exports.authenticate (E:\nti\e-backend\middleware\auth.middleware.js:28:19)
    at Layer.handleRequest (E:\nti\e-backend\node_modules\router\lib\layer.js:152:17)
    at next (E:\nti\e-backend\node_modules\router\lib\route.js:157:13)
    at Route.dispatch (E:\nti\e-backend\node_modules\router\lib\route.js:117:3)
    at handle (E:\nti\e-backend\node_modules\router\index.js:435:11)
    at Layer.handleRequest (E:\nti\e-backend\node_modules\router\lib\layer.js:152:17)
    at E:\nti\e-backend\node_modules\router\index.js:295:15
    at processParams (E:\nti\e-backend\node_modules\router\index.js:582:12)
    at next (E:\nti\e-backend\node_modules\router\index.js:291:5)
    at Function.handle (E:\nti\e-backend\node_modules\router\index.js:186:3)
2025/07/06 21:02:56| INFO| Order created with ID 686aba50c0fa18e193d97035
2025/07/06 21:06:36| INFO| Order created with ID 686abb2cc0fa18e193d9706f
2025/07/06 21:11:10| INFO| Order created with ID 686abc3edf635ed1e1b93faa
2025/07/06 21:30:08| INFO| Order created with ID 686ac0b06fc52130803752bf
2025/07/06 21:33:58| INFO| Order with ID 686abc3edf635ed1e1b93faa has been canceled.
2025/07/06 21:40:18| INFO| Order with ID 686ac0b06fc52130803752bf has been canceled.
2025/07/06 21:40:25| INFO| Order with ID 686abc3edf635ed1e1b93faa has been canceled.
2025/07/06 22:13:30| INFO| Order with ID 686abb2cc0fa18e193d9706f has been canceled.
2025/07/07 00:35:41| INFO| Product with ID 68611fb90b62ca972f6a5455 has been marked as inactive.
2025/07/07 00:55:59| INFO| Product with ID 68611fb90b62ca972f6a5455 has been marked as active.
2025/07/07 01:28:07| ERROR| Error POST /products | Unexpected field
MulterError: Unexpected field
    at wrappedFileFilter (E:\nti\e-backend\node_modules\multer\index.js:40:19)
    at Multipart.<anonymous> (E:\nti\e-backend\node_modules\multer\lib\make-middleware.js:123:7)
    at Multipart.emit (node:events:519:28)
    at HeaderParser.cb (E:\nti\e-backend\node_modules\busboy\lib\types\multipart.js:358:14)
    at HeaderParser.push (E:\nti\e-backend\node_modules\busboy\lib\types\multipart.js:162:20)
    at SBMH.ssCb [as _cb] (E:\nti\e-backend\node_modules\busboy\lib\types\multipart.js:394:37)
    at feed (E:\nti\e-backend\node_modules\streamsearch\lib\sbmh.js:248:10)
    at SBMH.push (E:\nti\e-backend\node_modules\streamsearch\lib\sbmh.js:104:16)
    at Multipart._write (E:\nti\e-backend\node_modules\busboy\lib\types\multipart.js:567:19)
    at writeOrBuffer (node:internal/streams/writable:564:12)
2025/07/07 01:39:01| ERROR| Error GET /products/adminproducts | Invalid token. Please log in again!
Error: Invalid token. Please log in again!
    at exports.authenticate (E:\nti\e-backend\middleware\auth.middleware.js:28:19)
    at Layer.handleRequest (E:\nti\e-backend\node_modules\router\lib\layer.js:152:17)
    at next (E:\nti\e-backend\node_modules\router\lib\route.js:157:13)
    at Route.dispatch (E:\nti\e-backend\node_modules\router\lib\route.js:117:3)
    at handle (E:\nti\e-backend\node_modules\router\index.js:435:11)
    at Layer.handleRequest (E:\nti\e-backend\node_modules\router\lib\layer.js:152:17)
    at E:\nti\e-backend\node_modules\router\index.js:295:15
    at processParams (E:\nti\e-backend\node_modules\router\index.js:582:12)
    at next (E:\nti\e-backend\node_modules\router\index.js:291:5)
    at Function.handle (E:\nti\e-backend\node_modules\router\index.js:186:3)
2025/07/07 01:41:50| ERROR| Error GET /products/adminproducts | Invalid token. Please log in again!
Error: Invalid token. Please log in again!
    at exports.authenticate (E:\nti\e-backend\middleware\auth.middleware.js:28:19)
    at Layer.handleRequest (E:\nti\e-backend\node_modules\router\lib\layer.js:152:17)
    at next (E:\nti\e-backend\node_modules\router\lib\route.js:157:13)
    at Route.dispatch (E:\nti\e-backend\node_modules\router\lib\route.js:117:3)
    at handle (E:\nti\e-backend\node_modules\router\index.js:435:11)
    at Layer.handleRequest (E:\nti\e-backend\node_modules\router\lib\layer.js:152:17)
    at E:\nti\e-backend\node_modules\router\index.js:295:15
    at processParams (E:\nti\e-backend\node_modules\router\index.js:582:12)
    at next (E:\nti\e-backend\node_modules\router\index.js:291:5)
    at Function.handle (E:\nti\e-backend\node_modules\router\index.js:186:3)
2025/07/07 02:16:59| INFO| product created with  id 686b03eb90d95c45d1bea112
2025/07/07 02:25:45| ERROR| Something went wrong Cast to ObjectId failed for value "" (type string) at path "_id" for model "Subcategory"
2025/07/07 02:25:52| ERROR| Something went wrong Cast to ObjectId failed for value "" (type string) at path "_id" for model "Subcategory"
2025/07/07 02:28:20| INFO| product created with  id 686b069490d95c45d1bea1c9
2025/07/07 02:29:30| ERROR| Something went wrong Cast to ObjectId failed for value "" (type string) at path "_id" for model "Subcategory"
2025/07/07 02:31:47| INFO| product created with  id 686b076390d95c45d1bea219
2025/07/08 06:57:33| ERROR| Failed to update product: Cannot destructure property 'name' of 'req.body' as it is undefined.
2025/07/08 07:19:52| INFO| Product with ID 68611fb90b62ca972f6a5455 has been updated.
2025/07/08 07:20:50| INFO| Product with ID 6862d6a4f1221923d2947c64 has been updated.
2025/07/08 09:32:31| INFO| Product with ID 6862d6a4f1221923d2947c64 has been updated.
2025/07/08 09:33:16| INFO| Product with ID 6862d6a4f1221923d2947c64 has been updated.
2025/07/08 09:37:01| ERROR| Failed to update product: Product validation failed: desc: Path `desc` is required.
2025/07/08 09:37:23| INFO| Product with ID 6862d6a4f1221923d2947c64 has been updated.
2025/07/08 09:37:33| INFO| Product with ID 6862d6a4f1221923d2947c64 has been updated.
2025/07/08 09:59:38| INFO| Product with ID 68611fb90b62ca972f6a5455 has been marked as active.
2025/07/08 10:00:42| INFO| Product with ID 68611fb90b62ca972f6a5455 has been marked as active.
2025/07/08 10:01:29| INFO| Product with ID 68611fb90b62ca972f6a5455 has been marked as active.
2025/07/08 10:13:38| ERROR| Error PUT /products/68611fb90b62ca972f6a5455 | Unexpected field
MulterError: Unexpected field
    at wrappedFileFilter (E:\nti\e-backend\node_modules\multer\index.js:40:19)
    at Multipart.<anonymous> (E:\nti\e-backend\node_modules\multer\lib\make-middleware.js:123:7)
    at Multipart.emit (node:events:519:28)
    at HeaderParser.cb (E:\nti\e-backend\node_modules\busboy\lib\types\multipart.js:358:14)
    at HeaderParser.push (E:\nti\e-backend\node_modules\busboy\lib\types\multipart.js:162:20)
    at SBMH.ssCb [as _cb] (E:\nti\e-backend\node_modules\busboy\lib\types\multipart.js:394:37)
    at feed (E:\nti\e-backend\node_modules\streamsearch\lib\sbmh.js:219:14)
    at SBMH.push (E:\nti\e-backend\node_modules\streamsearch\lib\sbmh.js:104:16)
    at Multipart._write (E:\nti\e-backend\node_modules\busboy\lib\types\multipart.js:567:19)
    at writeOrBuffer (node:internal/streams/writable:564:12)
2025/07/08 10:16:11| ERROR| Error PUT /products/68611fb90b62ca972f6a5455 | Unexpected field
MulterError: Unexpected field
    at wrappedFileFilter (E:\nti\e-backend\node_modules\multer\index.js:40:19)
    at Multipart.<anonymous> (E:\nti\e-backend\node_modules\multer\lib\make-middleware.js:123:7)
    at Multipart.emit (node:events:519:28)
    at HeaderParser.cb (E:\nti\e-backend\node_modules\busboy\lib\types\multipart.js:358:14)
    at HeaderParser.push (E:\nti\e-backend\node_modules\busboy\lib\types\multipart.js:162:20)
    at SBMH.ssCb [as _cb] (E:\nti\e-backend\node_modules\busboy\lib\types\multipart.js:394:37)
    at feed (E:\nti\e-backend\node_modules\streamsearch\lib\sbmh.js:219:14)
    at SBMH.push (E:\nti\e-backend\node_modules\streamsearch\lib\sbmh.js:104:16)
    at Multipart._write (E:\nti\e-backend\node_modules\busboy\lib\types\multipart.js:567:19)
    at writeOrBuffer (node:internal/streams/writable:564:12)
2025/07/08 10:28:43| INFO| Product with ID 68611fb90b62ca972f6a5455 has been marked as inactive.
2025/07/08 10:35:59| INFO| Product with ID 68611fb90b62ca972f6a5455 has been marked as active.
2025/07/08 10:36:04| INFO| Product with ID 68611fb90b62ca972f6a5455 has been marked as inactive.
2025/07/08 10:36:21| INFO| Product with ID 68611fb90b62ca972f6a5455 has been marked as active.
2025/07/08 11:00:10| ERROR| Error GET /order/admin/all-orders | Invalid token. Please log in again!
Error: Invalid token. Please log in again!
    at exports.authenticate (E:\nti\e-backend\middleware\auth.middleware.js:28:19)
    at Layer.handleRequest (E:\nti\e-backend\node_modules\router\lib\layer.js:152:17)
    at next (E:\nti\e-backend\node_modules\router\lib\route.js:157:13)
    at Route.dispatch (E:\nti\e-backend\node_modules\router\lib\route.js:117:3)
    at handle (E:\nti\e-backend\node_modules\router\index.js:435:11)
    at Layer.handleRequest (E:\nti\e-backend\node_modules\router\lib\layer.js:152:17)
    at E:\nti\e-backend\node_modules\router\index.js:295:15
    at processParams (E:\nti\e-backend\node_modules\router\index.js:582:12)
    at next (E:\nti\e-backend\node_modules\router\index.js:291:5)
    at Function.handle (E:\nti\e-backend\node_modules\router\index.js:186:3)
2025/07/08 12:09:59| ERROR| Error GET /faq/admin | Invalid token. Please log in again!
Error: Invalid token. Please log in again!
    at exports.authenticate (E:\nti\e-backend\middleware\auth.middleware.js:28:19)
    at Layer.handleRequest (E:\nti\e-backend\node_modules\router\lib\layer.js:152:17)
    at next (E:\nti\e-backend\node_modules\router\lib\route.js:157:13)
    at Route.dispatch (E:\nti\e-backend\node_modules\router\lib\route.js:117:3)
    at handle (E:\nti\e-backend\node_modules\router\index.js:435:11)
    at Layer.handleRequest (E:\nti\e-backend\node_modules\router\lib\layer.js:152:17)
    at E:\nti\e-backend\node_modules\router\index.js:295:15
    at processParams (E:\nti\e-backend\node_modules\router\index.js:582:12)
    at next (E:\nti\e-backend\node_modules\router\index.js:291:5)
    at Function.handle (E:\nti\e-backend\node_modules\router\index.js:186:3)
2025/07/08 12:33:05| ERROR| Error GET /order/my-orders | Invalid token. Please log in again!
Error: Invalid token. Please log in again!
    at exports.authenticate (E:\nti\e-backend\middleware\auth.middleware.js:28:19)
    at Layer.handleRequest (E:\nti\e-backend\node_modules\router\lib\layer.js:152:17)
    at next (E:\nti\e-backend\node_modules\router\lib\route.js:157:13)
    at Route.dispatch (E:\nti\e-backend\node_modules\router\lib\route.js:117:3)
    at handle (E:\nti\e-backend\node_modules\router\index.js:435:11)
    at Layer.handleRequest (E:\nti\e-backend\node_modules\router\lib\layer.js:152:17)
    at E:\nti\e-backend\node_modules\router\index.js:295:15
    at processParams (E:\nti\e-backend\node_modules\router\index.js:582:12)
    at next (E:\nti\e-backend\node_modules\router\index.js:291:5)
    at Function.handle (E:\nti\e-backend\node_modules\router\index.js:186:3)
2025/07/08 14:06:41| INFO| Category with ID 6860fbea3838a84fadecdd4c marked as inactive.
2025/07/08 14:09:55| INFO| Category with ID 6860fbe33838a84fadecdd49 updated.
2025/07/08 14:10:07| INFO| Category with ID 6860fbe33838a84fadecdd49 updated.
2025/07/08 14:13:18| INFO| Category with ID 6860fbe33838a84fadecdd49 marked as inactive.
2025/07/08 14:27:16| INFO| Category with ID 6860fbea3838a84fadecdd4c marked as inactive.
2025/07/08 14:37:46| INFO| Category with ID 6860fbe33838a84fadecdd49 marked as inactive.
2025/07/08 15:00:46| ERROR| Error fetching subcategory: Cast to ObjectId failed for value "admin" (type string) at path "_id" for model "Subcategory"
2025/07/08 15:08:38| INFO| Subcategory created with ID 686d0a46a051b4a3449b529b
2025/07/08 15:09:13| INFO| Subcategory with ID 686d0a46a051b4a3449b529b deactivated
2025/07/08 15:09:47| INFO| Subcategory with ID 686d0a46a051b4a3449b529b updated
2025/07/08 15:18:36| INFO| Subcategory created with ID 686d0c9ca051b4a3449b52b2
2025/07/08 15:30:16| INFO| Subcategory with ID 686d0c9ca051b4a3449b52b2 updated
2025/07/08 15:35:43| INFO| Subcategory with ID 6860fed951184b700a2ff538 updated
2025/07/08 15:41:17| INFO| Subcategory with ID 6860fed951184b700a2ff538 updated
2025/07/08 18:00:27| INFO| Subcategory created with ID 686d328bb349e6487b054f49
2025/07/08 19:25:00| INFO| Brand with ID 68611ee90b62ca972f6a544a deleted.
2025/07/08 19:36:16| INFO| Brand with ID 6860f93fd7656ec50546dd4d updated.
2025/07/08 19:39:55| ERROR| Error creating brand: isactive is not defined
2025/07/08 19:39:56| ERROR| Error creating brand: isactive is not defined
2025/07/08 19:40:01| ERROR| Error creating brand: isactive is not defined
2025/07/08 19:43:39| ERROR| Error creating brand: isactive is not defined
2025/07/08 19:45:01| INFO| Brand created with ID 686d4b0de425d0adba0578a1
2025/07/08 21:00:29| INFO| product created with  id 686d5cbde704431bbde831fa
2025/07/08 21:01:43| INFO| product created with  id 686d5d07e704431bbde8321c
2025/07/08 21:03:34| INFO| product created with  id 686d5d76e704431bbde8323b
2025/07/08 21:04:21| INFO| product created with  id 686d5da5e704431bbde8324b
2025/07/08 21:05:12| INFO| product created with  id 686d5dd8e704431bbde8325b
2025/07/08 21:10:46| INFO| product created with  id 686d5f26e704431bbde8329e
2025/07/08 21:11:40| INFO| product created with  id 686d5f5ce704431bbde832ae
2025/07/08 21:12:48| INFO| product created with  id 686d5fa0e704431bbde832cd
2025/07/08 22:25:56| ERROR| Error POST /cart/add | Cannot add more than available stock (10)
Error: Cannot add more than available stock (10)
    at exports.addToCart (E:\nti\e-backend\controllers\cart.controller.js:35:21)
    at process.processTicksAndRejections (node:internal/process/task_queues:95:5)
2025/07/09 16:49:59| ERROR| Error POST /cart/add | Invalid token. Please log in again!
Error: Invalid token. Please log in again!
    at exports.authenticate (E:\nti\e-backend\middleware\auth.middleware.js:28:19)
    at Layer.handleRequest (E:\nti\e-backend\node_modules\router\lib\layer.js:152:17)
    at next (E:\nti\e-backend\node_modules\router\lib\route.js:157:13)
    at Route.dispatch (E:\nti\e-backend\node_modules\router\lib\route.js:117:3)
    at handle (E:\nti\e-backend\node_modules\router\index.js:435:11)
    at Layer.handleRequest (E:\nti\e-backend\node_modules\router\lib\layer.js:152:17)
    at E:\nti\e-backend\node_modules\router\index.js:295:15
    at processParams (E:\nti\e-backend\node_modules\router\index.js:582:12)
    at next (E:\nti\e-backend\node_modules\router\index.js:291:5)
    at Function.handle (E:\nti\e-backend\node_modules\router\index.js:186:3)
2025/07/09 16:50:46| ERROR| Error POST /cart/add | Invalid token. Please log in again!
Error: Invalid token. Please log in again!
    at exports.authenticate (E:\nti\e-backend\middleware\auth.middleware.js:28:19)
    at Layer.handleRequest (E:\nti\e-backend\node_modules\router\lib\layer.js:152:17)
    at next (E:\nti\e-backend\node_modules\router\lib\route.js:157:13)
    at Route.dispatch (E:\nti\e-backend\node_modules\router\lib\route.js:117:3)
    at handle (E:\nti\e-backend\node_modules\router\index.js:435:11)
    at Layer.handleRequest (E:\nti\e-backend\node_modules\router\lib\layer.js:152:17)
    at E:\nti\e-backend\node_modules\router\index.js:295:15
    at processParams (E:\nti\e-backend\node_modules\router\index.js:582:12)
    at next (E:\nti\e-backend\node_modules\router\index.js:291:5)
    at Function.handle (E:\nti\e-backend\node_modules\router\index.js:186:3)
2025/07/09 17:01:14| ERROR| Error POST /cart/add | Invalid token. Please log in again!
Error: Invalid token. Please log in again!
    at exports.authenticate (E:\nti\e-backend\middleware\auth.middleware.js:28:19)
    at Layer.handleRequest (E:\nti\e-backend\node_modules\router\lib\layer.js:152:17)
    at next (E:\nti\e-backend\node_modules\router\lib\route.js:157:13)
    at Route.dispatch (E:\nti\e-backend\node_modules\router\lib\route.js:117:3)
    at handle (E:\nti\e-backend\node_modules\router\index.js:435:11)
    at Layer.handleRequest (E:\nti\e-backend\node_modules\router\lib\layer.js:152:17)
    at E:\nti\e-backend\node_modules\router\index.js:295:15
    at processParams (E:\nti\e-backend\node_modules\router\index.js:582:12)
    at next (E:\nti\e-backend\node_modules\router\index.js:291:5)
    at Function.handle (E:\nti\e-backend\node_modules\router\index.js:186:3)
2025/07/09 17:09:59| ERROR| Error POST /cart/add | Failed to add item to cart
Error: Failed to add item to cart
    at exports.addToCart (E:\nti\e-backend\controllers\cart.controller.js:141:19)
    at process.processTicksAndRejections (node:internal/process/task_queues:95:5)
2025/07/09 17:16:32| ERROR| Error POST /cart/add | Failed to add item to cart
Error: Failed to add item to cart
    at exports.addToCart (E:\nti\e-backend\controllers\cart.controller.js:139:17)
    at process.processTicksAndRejections (node:internal/process/task_queues:95:5)
2025/07/09 17:17:16| ERROR| Error POST /cart/add | Failed to add item to cart
Error: Failed to add item to cart
    at exports.addToCart (E:\nti\e-backend\controllers\cart.controller.js:139:17)
    at process.processTicksAndRejections (node:internal/process/task_queues:95:5)
2025/07/09 19:28:50| ERROR| Error GET /order/my-orders | Invalid token. Please log in again!
Error: Invalid token. Please log in again!
    at exports.authenticate (E:\nti\e-backend\middleware\auth.middleware.js:28:19)
    at Layer.handleRequest (E:\nti\e-backend\node_modules\router\lib\layer.js:152:17)
    at next (E:\nti\e-backend\node_modules\router\lib\route.js:157:13)
    at Route.dispatch (E:\nti\e-backend\node_modules\router\lib\route.js:117:3)
    at handle (E:\nti\e-backend\node_modules\router\index.js:435:11)
    at Layer.handleRequest (E:\nti\e-backend\node_modules\router\lib\layer.js:152:17)
    at E:\nti\e-backend\node_modules\router\index.js:295:15
    at processParams (E:\nti\e-backend\node_modules\router\index.js:582:12)
    at next (E:\nti\e-backend\node_modules\router\index.js:291:5)
    at Function.handle (E:\nti\e-backend\node_modules\router\index.js:186:3)
2025/07/09 22:52:42| ERROR| Error GET /user | Invalid token. Please log in again!
Error: Invalid token. Please log in again!
    at exports.authenticate (E:\nti\e-backend\middleware\auth.middleware.js:28:19)
    at Layer.handleRequest (E:\nti\e-backend\node_modules\router\lib\layer.js:152:17)
    at next (E:\nti\e-backend\node_modules\router\lib\route.js:157:13)
    at Route.dispatch (E:\nti\e-backend\node_modules\router\lib\route.js:117:3)
    at handle (E:\nti\e-backend\node_modules\router\index.js:435:11)
    at Layer.handleRequest (E:\nti\e-backend\node_modules\router\lib\layer.js:152:17)
    at E:\nti\e-backend\node_modules\router\index.js:295:15
    at processParams (E:\nti\e-backend\node_modules\router\index.js:582:12)
    at next (E:\nti\e-backend\node_modules\router\index.js:291:5)
    at Function.handle (E:\nti\e-backend\node_modules\router\index.js:186:3)
2025/07/09 22:52:46| ERROR| Error GET /user | Invalid token. Please log in again!
Error: Invalid token. Please log in again!
    at exports.authenticate (E:\nti\e-backend\middleware\auth.middleware.js:28:19)
    at Layer.handleRequest (E:\nti\e-backend\node_modules\router\lib\layer.js:152:17)
    at next (E:\nti\e-backend\node_modules\router\lib\route.js:157:13)
    at Route.dispatch (E:\nti\e-backend\node_modules\router\lib\route.js:117:3)
    at handle (E:\nti\e-backend\node_modules\router\index.js:435:11)
    at Layer.handleRequest (E:\nti\e-backend\node_modules\router\lib\layer.js:152:17)
    at E:\nti\e-backend\node_modules\router\index.js:295:15
    at processParams (E:\nti\e-backend\node_modules\router\index.js:582:12)
    at next (E:\nti\e-backend\node_modules\router\index.js:291:5)
    at Function.handle (E:\nti\e-backend\node_modules\router\index.js:186:3)
2025/07/09 22:52:56| ERROR| Error GET /user | Invalid token. Please log in again!
Error: Invalid token. Please log in again!
    at exports.authenticate (E:\nti\e-backend\middleware\auth.middleware.js:28:19)
    at Layer.handleRequest (E:\nti\e-backend\node_modules\router\lib\layer.js:152:17)
    at next (E:\nti\e-backend\node_modules\router\lib\route.js:157:13)
    at Route.dispatch (E:\nti\e-backend\node_modules\router\lib\route.js:117:3)
    at handle (E:\nti\e-backend\node_modules\router\index.js:435:11)
    at Layer.handleRequest (E:\nti\e-backend\node_modules\router\lib\layer.js:152:17)
    at E:\nti\e-backend\node_modules\router\index.js:295:15
    at processParams (E:\nti\e-backend\node_modules\router\index.js:582:12)
    at next (E:\nti\e-backend\node_modules\router\index.js:291:5)
    at Function.handle (E:\nti\e-backend\node_modules\router\index.js:186:3)
2025/07/09 22:53:25| ERROR| Error GET /user | Invalid token. Please log in again!
Error: Invalid token. Please log in again!
    at exports.authenticate (E:\nti\e-backend\middleware\auth.middleware.js:28:19)
    at Layer.handleRequest (E:\nti\e-backend\node_modules\router\lib\layer.js:152:17)
    at next (E:\nti\e-backend\node_modules\router\lib\route.js:157:13)
    at Route.dispatch (E:\nti\e-backend\node_modules\router\lib\route.js:117:3)
    at handle (E:\nti\e-backend\node_modules\router\index.js:435:11)
    at Layer.handleRequest (E:\nti\e-backend\node_modules\router\lib\layer.js:152:17)
    at E:\nti\e-backend\node_modules\router\index.js:295:15
    at processParams (E:\nti\e-backend\node_modules\router\index.js:582:12)
    at next (E:\nti\e-backend\node_modules\router\index.js:291:5)
    at Function.handle (E:\nti\e-backend\node_modules\router\index.js:186:3)
2025/07/09 22:53:37| ERROR| Error GET /user | Invalid token. Please log in again!
Error: Invalid token. Please log in again!
    at exports.authenticate (E:\nti\e-backend\middleware\auth.middleware.js:28:19)
    at Layer.handleRequest (E:\nti\e-backend\node_modules\router\lib\layer.js:152:17)
    at next (E:\nti\e-backend\node_modules\router\lib\route.js:157:13)
    at Route.dispatch (E:\nti\e-backend\node_modules\router\lib\route.js:117:3)
    at handle (E:\nti\e-backend\node_modules\router\index.js:435:11)
    at Layer.handleRequest (E:\nti\e-backend\node_modules\router\lib\layer.js:152:17)
    at E:\nti\e-backend\node_modules\router\index.js:295:15
    at processParams (E:\nti\e-backend\node_modules\router\index.js:582:12)
    at next (E:\nti\e-backend\node_modules\router\index.js:291:5)
    at Function.handle (E:\nti\e-backend\node_modules\router\index.js:186:3)
2025/07/09 22:54:15| ERROR| Error GET /user | Invalid token. Please log in again!
Error: Invalid token. Please log in again!
    at exports.authenticate (E:\nti\e-backend\middleware\auth.middleware.js:28:19)
    at Layer.handleRequest (E:\nti\e-backend\node_modules\router\lib\layer.js:152:17)
    at next (E:\nti\e-backend\node_modules\router\lib\route.js:157:13)
    at Route.dispatch (E:\nti\e-backend\node_modules\router\lib\route.js:117:3)
    at handle (E:\nti\e-backend\node_modules\router\index.js:435:11)
    at Layer.handleRequest (E:\nti\e-backend\node_modules\router\lib\layer.js:152:17)
    at E:\nti\e-backend\node_modules\router\index.js:295:15
    at processParams (E:\nti\e-backend\node_modules\router\index.js:582:12)
    at next (E:\nti\e-backend\node_modules\router\index.js:291:5)
    at Function.handle (E:\nti\e-backend\node_modules\router\index.js:186:3)
2025/07/09 22:54:31| ERROR| Error GET /user | Invalid token. Please log in again!
Error: Invalid token. Please log in again!
    at exports.authenticate (E:\nti\e-backend\middleware\auth.middleware.js:28:19)
    at Layer.handleRequest (E:\nti\e-backend\node_modules\router\lib\layer.js:152:17)
    at next (E:\nti\e-backend\node_modules\router\lib\route.js:157:13)
    at Route.dispatch (E:\nti\e-backend\node_modules\router\lib\route.js:117:3)
    at handle (E:\nti\e-backend\node_modules\router\index.js:435:11)
    at Layer.handleRequest (E:\nti\e-backend\node_modules\router\lib\layer.js:152:17)
    at E:\nti\e-backend\node_modules\router\index.js:295:15
    at processParams (E:\nti\e-backend\node_modules\router\index.js:582:12)
    at next (E:\nti\e-backend\node_modules\router\index.js:291:5)
    at Function.handle (E:\nti\e-backend\node_modules\router\index.js:186:3)
2025/07/10 00:43:33| INFO| Brand with ID 686d4b0de425d0adba0578a1 deleted.
2025/07/10 00:50:34| INFO| Brand with ID 68611ee90b62ca972f6a544a deleted.
2025/07/10 00:52:44| INFO| Brand with ID 68611ee90b62ca972f6a544a updated.
2025/07/10 00:52:48| INFO| Brand with ID 686d4b0de425d0adba0578a1 updated.
2025/07/10 00:54:01| INFO| Brand with ID 68611ee90b62ca972f6a544a updated.
2025/07/10 00:54:04| INFO| Brand with ID 68611ee90b62ca972f6a544a updated.
2025/07/10 12:40:58| INFO| Order created with ID 686f8aaadf424ff9c3f1a288
2025/07/10 13:24:36| INFO| Order created with ID 686f94e499cf8ace18b69955
2025/07/10 13:35:55| ERROR| Error PUT /cart/686f978399cf8ace18b69c2f | Invalid token. Please log in again!
Error: Invalid token. Please log in again!
    at exports.authenticate (E:\nti\e-backend\middleware\auth.middleware.js:28:19)
    at Layer.handleRequest (E:\nti\e-backend\node_modules\router\lib\layer.js:152:17)
    at next (E:\nti\e-backend\node_modules\router\lib\route.js:157:13)
    at Route.dispatch (E:\nti\e-backend\node_modules\router\lib\route.js:117:3)
    at handle (E:\nti\e-backend\node_modules\router\index.js:435:11)
    at Layer.handleRequest (E:\nti\e-backend\node_modules\router\lib\layer.js:152:17)
    at E:\nti\e-backend\node_modules\router\index.js:295:15
    at param (E:\nti\e-backend\node_modules\router\index.js:600:14)
    at param (E:\nti\e-backend\node_modules\router\index.js:610:14)
    at processParams (E:\nti\e-backend\node_modules\router\index.js:664:3)
2025/07/10 13:36:26| INFO| Order created with ID 686f97aa99cf8ace18b69c5d
2025/07/10 13:36:41| INFO| Order with ID 686f97aa99cf8ace18b69c5d has been canceled.
2025/07/10 13:38:27| INFO| Product with ID 68611fb90b62ca972f6a5455 has been marked as inactive.
2025/07/10 13:38:32| INFO| Product with ID 68611fb90b62ca972f6a5455 has been marked as active.
2025/07/30 20:28:25| ERROR| Error GET /order/my-orders | Your token has expired! Please log in again.
Error: Your token has expired! Please log in again.
    at exports.authenticate (E:\nti\e-backend\middleware\auth.middleware.js:31:19)
    at Layer.handleRequest (E:\nti\e-backend\node_modules\router\lib\layer.js:152:17)
    at next (E:\nti\e-backend\node_modules\router\lib\route.js:157:13)
    at Route.dispatch (E:\nti\e-backend\node_modules\router\lib\route.js:117:3)
    at handle (E:\nti\e-backend\node_modules\router\index.js:435:11)
    at Layer.handleRequest (E:\nti\e-backend\node_modules\router\lib\layer.js:152:17)
    at E:\nti\e-backend\node_modules\router\index.js:295:15
    at processParams (E:\nti\e-backend\node_modules\router\index.js:582:12)
    at next (E:\nti\e-backend\node_modules\router\index.js:291:5)
    at Function.handle (E:\nti\e-backend\node_modules\router\index.js:186:3)
2025/07/30 20:28:29| ERROR| Error GET /user/68643ad8713d8bd2bdba61ab | Your token has expired! Please log in again.
Error: Your token has expired! Please log in again.
    at exports.authenticate (E:\nti\e-backend\middleware\auth.middleware.js:31:19)
    at Layer.handleRequest (E:\nti\e-backend\node_modules\router\lib\layer.js:152:17)
    at next (E:\nti\e-backend\node_modules\router\lib\route.js:157:13)
    at Route.dispatch (E:\nti\e-backend\node_modules\router\lib\route.js:117:3)
    at handle (E:\nti\e-backend\node_modules\router\index.js:435:11)
    at Layer.handleRequest (E:\nti\e-backend\node_modules\router\lib\layer.js:152:17)
    at E:\nti\e-backend\node_modules\router\index.js:295:15
    at param (E:\nti\e-backend\node_modules\router\index.js:600:14)
    at param (E:\nti\e-backend\node_modules\router\index.js:610:14)
    at processParams (E:\nti\e-backend\node_modules\router\index.js:664:3)
2025/07/30 20:28:38| ERROR| Error GET /faq/admin | Your token has expired! Please log in again.
Error: Your token has expired! Please log in again.
    at exports.authenticate (E:\nti\e-backend\middleware\auth.middleware.js:31:19)
    at Layer.handleRequest (E:\nti\e-backend\node_modules\router\lib\layer.js:152:17)
    at next (E:\nti\e-backend\node_modules\router\lib\route.js:157:13)
    at Route.dispatch (E:\nti\e-backend\node_modules\router\lib\route.js:117:3)
    at handle (E:\nti\e-backend\node_modules\router\index.js:435:11)
    at Layer.handleRequest (E:\nti\e-backend\node_modules\router\lib\layer.js:152:17)
    at E:\nti\e-backend\node_modules\router\index.js:295:15
    at processParams (E:\nti\e-backend\node_modules\router\index.js:582:12)
    at next (E:\nti\e-backend\node_modules\router\index.js:291:5)
    at Function.handle (E:\nti\e-backend\node_modules\router\index.js:186:3)
2025/07/30 20:28:44| ERROR| Error GET /faq/admin | Invalid token. Please log in again!
Error: Invalid token. Please log in again!
    at exports.authenticate (E:\nti\e-backend\middleware\auth.middleware.js:28:19)
    at Layer.handleRequest (E:\nti\e-backend\node_modules\router\lib\layer.js:152:17)
    at next (E:\nti\e-backend\node_modules\router\lib\route.js:157:13)
    at Route.dispatch (E:\nti\e-backend\node_modules\router\lib\route.js:117:3)
    at handle (E:\nti\e-backend\node_modules\router\index.js:435:11)
    at Layer.handleRequest (E:\nti\e-backend\node_modules\router\lib\layer.js:152:17)
    at E:\nti\e-backend\node_modules\router\index.js:295:15
    at processParams (E:\nti\e-backend\node_modules\router\index.js:582:12)
    at next (E:\nti\e-backend\node_modules\router\index.js:291:5)
    at Function.handle (E:\nti\e-backend\node_modules\router\index.js:186:3)
2025/07/30 22:07:40| ERROR| Error PUT /cart/688a6d76dc6e14a5b55eeeab | Invalid token. Please log in again!
Error: Invalid token. Please log in again!
    at exports.authenticate (E:\nti\e-backend\middleware\auth.middleware.js:28:19)
    at Layer.handleRequest (E:\nti\e-backend\node_modules\router\lib\layer.js:152:17)
    at next (E:\nti\e-backend\node_modules\router\lib\route.js:157:13)
    at Route.dispatch (E:\nti\e-backend\node_modules\router\lib\route.js:117:3)
    at handle (E:\nti\e-backend\node_modules\router\index.js:435:11)
    at Layer.handleRequest (E:\nti\e-backend\node_modules\router\lib\layer.js:152:17)
    at E:\nti\e-backend\node_modules\router\index.js:295:15
    at param (E:\nti\e-backend\node_modules\router\index.js:600:14)
    at param (E:\nti\e-backend\node_modules\router\index.js:610:14)
    at processParams (E:\nti\e-backend\node_modules\router\index.js:664:3)
2025/07/30 22:07:44| ERROR| Error PUT /cart/688a6d76dc6e14a5b55eeeab | Invalid token. Please log in again!
Error: Invalid token. Please log in again!
    at exports.authenticate (E:\nti\e-backend\middleware\auth.middleware.js:28:19)
    at Layer.handleRequest (E:\nti\e-backend\node_modules\router\lib\layer.js:152:17)
    at next (E:\nti\e-backend\node_modules\router\lib\route.js:157:13)
    at Route.dispatch (E:\nti\e-backend\node_modules\router\lib\route.js:117:3)
    at handle (E:\nti\e-backend\node_modules\router\index.js:435:11)
    at Layer.handleRequest (E:\nti\e-backend\node_modules\router\lib\layer.js:152:17)
    at E:\nti\e-backend\node_modules\router\index.js:295:15
    at param (E:\nti\e-backend\node_modules\router\index.js:600:14)
    at param (E:\nti\e-backend\node_modules\router\index.js:610:14)
    at processParams (E:\nti\e-backend\node_modules\router\index.js:664:3)
2025/07/30 22:07:50| ERROR| Error PUT /cart/688a6d76dc6e14a5b55eeeab | Invalid token. Please log in again!
Error: Invalid token. Please log in again!
    at exports.authenticate (E:\nti\e-backend\middleware\auth.middleware.js:28:19)
    at Layer.handleRequest (E:\nti\e-backend\node_modules\router\lib\layer.js:152:17)
    at next (E:\nti\e-backend\node_modules\router\lib\route.js:157:13)
    at Route.dispatch (E:\nti\e-backend\node_modules\router\lib\route.js:117:3)
    at handle (E:\nti\e-backend\node_modules\router\index.js:435:11)
    at Layer.handleRequest (E:\nti\e-backend\node_modules\router\lib\layer.js:152:17)
    at E:\nti\e-backend\node_modules\router\index.js:295:15
    at param (E:\nti\e-backend\node_modules\router\index.js:600:14)
    at param (E:\nti\e-backend\node_modules\router\index.js:610:14)
    at processParams (E:\nti\e-backend\node_modules\router\index.js:664:3)
2025/07/30 22:08:15| ERROR| Error PUT /cart/688a6d9bdc6e14a5b55eeec7 | Invalid token. Please log in again!
Error: Invalid token. Please log in again!
    at exports.authenticate (E:\nti\e-backend\middleware\auth.middleware.js:28:19)
    at Layer.handleRequest (E:\nti\e-backend\node_modules\router\lib\layer.js:152:17)
    at next (E:\nti\e-backend\node_modules\router\lib\route.js:157:13)
    at Route.dispatch (E:\nti\e-backend\node_modules\router\lib\route.js:117:3)
    at handle (E:\nti\e-backend\node_modules\router\index.js:435:11)
    at Layer.handleRequest (E:\nti\e-backend\node_modules\router\lib\layer.js:152:17)
    at E:\nti\e-backend\node_modules\router\index.js:295:15
    at param (E:\nti\e-backend\node_modules\router\index.js:600:14)
    at param (E:\nti\e-backend\node_modules\router\index.js:610:14)
    at processParams (E:\nti\e-backend\node_modules\router\index.js:664:3)
2025/07/30 22:13:06| INFO| Order created with ID 688a6ec2dc6e14a5b55ef114
2025/07/30 22:13:13| INFO| Order with ID 686a64461757bd1a39c7e5ce has been canceled.
2025/07/30 22:13:48| ERROR| Error GET /faq/admin | Invalid token. Please log in again!
Error: Invalid token. Please log in again!
    at exports.authenticate (E:\nti\e-backend\middleware\auth.middleware.js:28:19)
    at Layer.handleRequest (E:\nti\e-backend\node_modules\router\lib\layer.js:152:17)
    at next (E:\nti\e-backend\node_modules\router\lib\route.js:157:13)
    at Route.dispatch (E:\nti\e-backend\node_modules\router\lib\route.js:117:3)
    at handle (E:\nti\e-backend\node_modules\router\index.js:435:11)
    at Layer.handleRequest (E:\nti\e-backend\node_modules\router\lib\layer.js:152:17)
    at E:\nti\e-backend\node_modules\router\index.js:295:15
    at processParams (E:\nti\e-backend\node_modules\router\index.js:582:12)
    at next (E:\nti\e-backend\node_modules\router\index.js:291:5)
    at Function.handle (E:\nti\e-backend\node_modules\router\index.js:186:3)
2025/07/30 22:14:30| INFO| Product with ID 68611fb90b62ca972f6a5455 has been marked as inactive.
